Using pre-set license
Built from '2020.2/release' branch; Version is '2020.2.1f1 (270dd8c3da1c) revision 2559448'; Using compiler version '192528614'; Build Type 'Release'
OS: 'Windows 10  (10.0.0) 64bit' Language: 'de' Physical Memory: 32681 MB
BatchMode: 1, IsHumanControllingUs: 0, StartBugReporterOnCrash: 0, Is64bit: 1, IsPro: 0

 COMMAND LINE ARGUMENTS:
C:\Program Files\Unity\Hub\Editor\2020.2.1f1\Editor\Unity.exe
-adb2
-batchMode
-noUpm
-name
AssetImportWorker0
-projectPath
C:/Users/Max/DungeonsAndDungeons/DungeonsAndDungeonsClient
-logFile
Logs/AssetImportWorker0.log
-srvPort
54918
Successfully changed project path to: C:/Users/Max/DungeonsAndDungeons/DungeonsAndDungeonsClient
C:/Users/Max/DungeonsAndDungeons/DungeonsAndDungeonsClient
Using Asset Import Pipeline V2.
Refreshing native plugins compatible for Editor in 60.76 ms, found 0 plugins.
Preloading 0 native plugins for Editor in 0.00 ms.
Initialize engine version: 2020.2.1f1 (270dd8c3da1c)
[Subsystems] Discovering subsystems at path C:/Program Files/Unity/Hub/Editor/2020.2.1f1/Editor/Data/Resources/UnitySubsystems
[Subsystems] Discovering subsystems at path C:/Users/Max/DungeonsAndDungeons/DungeonsAndDungeonsClient/Assets
GfxDevice: creating device client; threaded=0
Direct3D:
    Version:  Direct3D 11.0 [level 11.1]
    Renderer: NVIDIA GeForce RTX 3070 (ID=0x2484)
    Vendor:   
    VRAM:     8043 MB
    Driver:   27.21.14.5751
Initialize mono
Mono path[0] = 'C:/Program Files/Unity/Hub/Editor/2020.2.1f1/Editor/Data/Managed'
Mono path[1] = 'C:/Program Files/Unity/Hub/Editor/2020.2.1f1/Editor/Data/MonoBleedingEdge/lib/mono/unityjit'
Mono config path = 'C:/Program Files/Unity/Hub/Editor/2020.2.1f1/Editor/Data/MonoBleedingEdge/etc'
Using monoOptions --debugger-agent=transport=dt_socket,embedding=1,server=y,suspend=n,address=127.0.0.1:56328
Begin MonoManager ReloadAssembly
Registering precompiled unity dll's ...
Register platform support module: C:/Program Files/Unity/Hub/Editor/2020.2.1f1/Editor/Data/PlaybackEngines/MacStandaloneSupport/UnityEditor.OSXStandalone.Extensions.dll
Register platform support module: C:/Program Files/Unity/Hub/Editor/2020.2.1f1/Editor/Data/PlaybackEngines/WindowsStandaloneSupport/UnityEditor.WindowsStandalone.Extensions.dll
Register platform support module: C:/Program Files/Unity/Hub/Editor/2020.2.1f1/Editor/Data/PlaybackEngines/LinuxStandaloneSupport/UnityEditor.LinuxStandalone.Extensions.dll
Registered in 0.002057 seconds.
Native extension for LinuxStandalone target not found
Native extension for WindowsStandalone target not found
Native extension for OSXStandalone target not found
Refreshing native plugins compatible for Editor in 60.82 ms, found 0 plugins.
Preloading 0 native plugins for Editor in 0.00 ms.
Invoked RoslynAnalysisRunner static constructor.
RoslynAnalysisRunner will not be running.
RoslynAnalysisRunner has terminated.
Mono: successfully reloaded assembly
- Completed reload, in  0.839 seconds
Platform modules already initialized, skipping
Registering precompiled user dll's ...
Registered in 0.001014 seconds.
Begin MonoManager ReloadAssembly
Native extension for LinuxStandalone target not found
Native extension for WindowsStandalone target not found
Native extension for OSXStandalone target not found
Refreshing native plugins compatible for Editor in 65.60 ms, found 0 plugins.
Preloading 0 native plugins for Editor in 0.00 ms.
Invoked RoslynAnalysisRunner static constructor.
RoslynAnalysisRunner will not be running.
RoslynAnalysisRunner has terminated.
HDRP Internally changed the storage of Cube Cookie to use Octahedral Projection inside the 2D Cookie Atlas. It is recommended that you increase the size of the 2D Cookie Atlas if your cookies no longer fit.
UnityEngine.StackTraceUtility:ExtractStackTrace ()
UnityEngine.DebugLogHandler:LogFormat (UnityEngine.LogType,UnityEngine.Object,string,object[])
UnityEngine.Logger:Log (UnityEngine.LogType,object)
UnityEngine.Debug:Log (object)
UnityEngine.Rendering.HighDefinition.HDRenderPipelineAsset/<>c:<.cctor>b__110_12 (UnityEngine.Rendering.HighDefinition.HDRenderPipelineAsset) (at Library/PackageCache/com.unity.render-pipelines.high-definition@10.2.2/Runtime/RenderPipeline/HDRenderPipelineAsset.Migration.cs:126)
UnityEngine.Rendering.HighDefinition.MigrationStep`2<UnityEngine.Rendering.HighDefinition.HDRenderPipelineAsset/Version, UnityEngine.Rendering.HighDefinition.HDRenderPipelineAsset>:Migrate (UnityEngine.Rendering.HighDefinition.HDRenderPipelineAsset) (at Library/PackageCache/com.unity.render-pipelines.high-definition@10.2.2/Runtime/Core/Migration/MigrationStep.cs:52)
UnityEngine.Rendering.HighDefinition.MigrationDescription`2<UnityEngine.Rendering.HighDefinition.HDRenderPipelineAsset/Version, UnityEngine.Rendering.HighDefinition.HDRenderPipelineAsset>:Migrate (UnityEngine.Rendering.HighDefinition.HDRenderPipelineAsset) (at Library/PackageCache/com.unity.render-pipelines.high-definition@10.2.2/Runtime/Core/Migration/MigrationDescription.cs:101)
UnityEngine.Rendering.HighDefinition.HDRenderPipelineAsset:OnEnable () (at Library/PackageCache/com.unity.render-pipelines.high-definition@10.2.2/Runtime/RenderPipeline/HDRenderPipelineAsset.Migration.cs:146)
UnityEngine.Rendering.GraphicsSettings:get_currentRenderPipeline ()
UnityEditor.Rendering.HighDefinition.HDBakedReflectionSystem:Initialize () (at Library/PackageCache/com.unity.render-pipelines.high-definition@10.2.2/Editor/Lighting/Reflection/HDBakedReflectionSystem.cs:42)

(Filename: Library/PackageCache/com.unity.render-pipelines.high-definition@10.2.2/Runtime/RenderPipeline/HDRenderPipelineAsset.Migration.cs Line: 126)

Mono: successfully reloaded assembly
- Completed reload, in  0.967 seconds
Platform modules already initialized, skipping
========================================================================
Worker process is ready to serve import requests
Launched and connected shader compiler UnityShaderCompiler.exe after 0.03 seconds
Refreshing native plugins compatible for Editor in 0.64 ms, found 0 plugins.
Preloading 0 native plugins for Editor in 0.00 ms.
Unloading 3581 Unused Serialized files (Serialized files now loaded: 0)
System memory in use before: 176.9 MB.
System memory in use after: 177.1 MB.

Unloading 11 unused Assets to reduce memory usage. Loaded Objects now: 4045.
Total: 2.595000 ms (FindLiveObjects: 0.372000 ms CreateObjectMapping: 0.095400 ms MarkObjects: 2.064200 ms  DeleteObjects: 0.062500 ms)

========================================================================
Received Import Request.
  path: Assets/Assets/models/level/lamp
  artifactKey: Guid(c4f18e86a784b534e83264ffd6553a9f) Importer(815301076,1909f56bfc062723c751e8b465ee728b)
Start importing Assets/Assets/models/level/lamp using Guid(c4f18e86a784b534e83264ffd6553a9f) Importer(815301076,1909f56bfc062723c751e8b465ee728b)  -> (artifact id: 'c6c3b00f443272c5bf6ce21352db35bd') in 0.009190 seconds
  Import took 0.014296 seconds .

========================================================================
Received Import Request.
  Time since last request: 136.946276 seconds.
  path: Assets/Assets/models/level/lamp/lamp.fbx
  artifactKey: Guid(725fbb4a8afa3824d86920c1bded852c) Importer(815301076,1909f56bfc062723c751e8b465ee728b)
Start importing Assets/Assets/models/level/lamp/lamp.fbx using Guid(725fbb4a8afa3824d86920c1bded852c) Importer(815301076,1909f56bfc062723c751e8b465ee728b)  -> (artifact id: 'fa0c9bac51749b4837016ac0cf8135be') in 0.612579 seconds
  Import took 0.619182 seconds .

========================================================================
Received Import Request.
  Time since last request: 15.735662 seconds.
  path: Assets/Assets/models/level/lamp/lamp.fbx
  artifactKey: Guid(725fbb4a8afa3824d86920c1bded852c) Importer(815301076,1909f56bfc062723c751e8b465ee728b)
Start importing Assets/Assets/models/level/lamp/lamp.fbx using Guid(725fbb4a8afa3824d86920c1bded852c) Importer(815301076,1909f56bfc062723c751e8b465ee728b)  -> (artifact id: '37fc1fcf79399f25fb9e923f0554e42d') in 0.144351 seconds
  Import took 0.150158 seconds .

========================================================================
Received Import Request.
  Time since last request: 273.751054 seconds.
  path: Assets/Assets/models/level/lamp/lamp.prefab
  artifactKey: Guid(a55b95c6dc554fb40ad362c7b3b82769) Importer(815301076,1909f56bfc062723c751e8b465ee728b)
Start importing Assets/Assets/models/level/lamp/lamp.prefab using Guid(a55b95c6dc554fb40ad362c7b3b82769) Importer(815301076,1909f56bfc062723c751e8b465ee728b)  -> (artifact id: '7767b8c6fbb5eddb698f6b1989c5dbd4') in 0.032369 seconds
  Import took 0.037940 seconds .

========================================================================
Received Import Request.
  Time since last request: 20.088756 seconds.
  path: Assets/Resources/pref/level/data/Lamp.asset
  artifactKey: Guid(ec4e580163126364c90f582da71d1277) Importer(815301076,1909f56bfc062723c751e8b465ee728b)
Start importing Assets/Resources/pref/level/data/Lamp.asset using Guid(ec4e580163126364c90f582da71d1277) Importer(815301076,1909f56bfc062723c751e8b465ee728b)  -> (artifact id: 'c7c753229b2293e8644c7aff64b11279') in 0.007406 seconds
  Import took 0.012572 seconds .

========================================================================
Received Import Request.
  Time since last request: 25.955721 seconds.
  path: Assets/Resources/pref/level/data/Lamp.asset
  artifactKey: Guid(ec4e580163126364c90f582da71d1277) Importer(815301076,1909f56bfc062723c751e8b465ee728b)
Start importing Assets/Resources/pref/level/data/Lamp.asset using Guid(ec4e580163126364c90f582da71d1277) Importer(815301076,1909f56bfc062723c751e8b465ee728b)  -> (artifact id: '2195d145c111e70c2c811c71ef6f09ac') in 0.003330 seconds
  Import took 0.008346 seconds .

========================================================================
Received Import Request.
  Time since last request: 0.004026 seconds.
  path: Assets/Resources/pref/level/data/Lamp.asset
  artifactKey: Guid(ec4e580163126364c90f582da71d1277) Importer(815301076,1909f56bfc062723c751e8b465ee728b)
Start importing Assets/Resources/pref/level/data/Lamp.asset using Guid(ec4e580163126364c90f582da71d1277) Importer(815301076,1909f56bfc062723c751e8b465ee728b)  -> (artifact id: '2195d145c111e70c2c811c71ef6f09ac') in 0.003312 seconds
  Import took 0.007351 seconds .

========================================================================
Received Import Request.
  Time since last request: 3.635923 seconds.
  path: Assets/Resources/pref/level/data/Lamp.asset
  artifactKey: Guid(ec4e580163126364c90f582da71d1277) Importer(815301076,1909f56bfc062723c751e8b465ee728b)
Start importing Assets/Resources/pref/level/data/Lamp.asset using Guid(ec4e580163126364c90f582da71d1277) Importer(815301076,1909f56bfc062723c751e8b465ee728b)  -> (artifact id: '9e3a34031a7d02477f8cd6972b4d8827') in 0.003182 seconds
  Import took 0.008540 seconds .

========================================================================
Received Import Request.
  Time since last request: 0.003808 seconds.
  path: Assets/Resources/pref/level/data/Lamp.asset
  artifactKey: Guid(ec4e580163126364c90f582da71d1277) Importer(815301076,1909f56bfc062723c751e8b465ee728b)
Start importing Assets/Resources/pref/level/data/Lamp.asset using Guid(ec4e580163126364c90f582da71d1277) Importer(815301076,1909f56bfc062723c751e8b465ee728b)  -> (artifact id: '9e3a34031a7d02477f8cd6972b4d8827') in 0.003174 seconds
  Import took 0.007364 seconds .

========================================================================
Received Prepare
Registering precompiled user dll's ...
Registered in 0.001294 seconds.
Begin MonoManager ReloadAssembly
Native extension for LinuxStandalone target not found
Native extension for WindowsStandalone target not found
Native extension for OSXStandalone target not found
Refreshing native plugins compatible for Editor in 0.71 ms, found 0 plugins.
Preloading 0 native plugins for Editor in 0.00 ms.
Invoked RoslynAnalysisRunner static constructor.
RoslynAnalysisRunner will not be running.
RoslynAnalysisRunner has terminated.
Mono: successfully reloaded assembly
- Completed reload, in  0.918 seconds
Platform modules already initialized, skipping
Refreshing native plugins compatible for Editor in 0.65 ms, found 0 plugins.
Preloading 0 native plugins for Editor in 0.00 ms.
Unloading 3306 Unused Serialized files (Serialized files now loaded: 0)
System memory in use before: 175.8 MB.
System memory in use after: 176.0 MB.

Unloading 6 unused Assets to reduce memory usage. Loaded Objects now: 4216.
Total: 2.414100 ms (FindLiveObjects: 0.393900 ms CreateObjectMapping: 0.081400 ms MarkObjects: 1.923900 ms  DeleteObjects: 0.014000 ms)

========================================================================
Received Import Request.
  Time since last request: 30.677034 seconds.
  path: Assets/Assets/models/level/lamp/lamp.fbx
  artifactKey: Guid(725fbb4a8afa3824d86920c1bded852c) Importer(815301076,1909f56bfc062723c751e8b465ee728b)
Start importing Assets/Assets/models/level/lamp/lamp.fbx using Guid(725fbb4a8afa3824d86920c1bded852c) Importer(815301076,1909f56bfc062723c751e8b465ee728b)  -> (artifact id: 'e23f355af0a94d519caa5d140b3319c5') in 0.611863 seconds
  Import took 0.617205 seconds .

========================================================================
Received Prepare
Registering precompiled user dll's ...
Registered in 0.001279 seconds.
Begin MonoManager ReloadAssembly
Native extension for LinuxStandalone target not found
Native extension for WindowsStandalone target not found
Native extension for OSXStandalone target not found
Refreshing native plugins compatible for Editor in 0.64 ms, found 0 plugins.
Preloading 0 native plugins for Editor in 0.00 ms.
Invoked RoslynAnalysisRunner static constructor.
RoslynAnalysisRunner will not be running.
RoslynAnalysisRunner has terminated.
Mono: successfully reloaded assembly
- Completed reload, in  0.886 seconds
Platform modules already initialized, skipping
Refreshing native plugins compatible for Editor in 0.64 ms, found 0 plugins.
Preloading 0 native plugins for Editor in 0.00 ms.
Unloading 3294 Unused Serialized files (Serialized files now loaded: 0)
System memory in use before: 175.7 MB.
System memory in use after: 175.9 MB.

Unloading 6 unused Assets to reduce memory usage. Loaded Objects now: 4320.
Total: 2.836400 ms (FindLiveObjects: 0.427700 ms CreateObjectMapping: 0.099000 ms MarkObjects: 2.290500 ms  DeleteObjects: 0.018000 ms)

========================================================================
Received Import Request.
  Time since last request: 27.810199 seconds.
  path: Assets/Resources/pref/level/data/Lamp.asset
  artifactKey: Guid(ec4e580163126364c90f582da71d1277) Importer(815301076,1909f56bfc062723c751e8b465ee728b)
Start importing Assets/Resources/pref/level/data/Lamp.asset using Guid(ec4e580163126364c90f582da71d1277) Importer(815301076,1909f56bfc062723c751e8b465ee728b)  -> (artifact id: '9d6c2f5c8a7f893e9feed5b4a73eec62') in 0.024735 seconds
  Import took 0.030139 seconds .

========================================================================
Received Import Request.
  Time since last request: 1.007115 seconds.
  path: Assets/Resources/pref/level/data/Lamp.asset
  artifactKey: Guid(ec4e580163126364c90f582da71d1277) Importer(815301076,1909f56bfc062723c751e8b465ee728b)
Start importing Assets/Resources/pref/level/data/Lamp.asset using Guid(ec4e580163126364c90f582da71d1277) Importer(815301076,1909f56bfc062723c751e8b465ee728b)  -> (artifact id: '9d6c2f5c8a7f893e9feed5b4a73eec62') in 0.003413 seconds
  Import took 0.008521 seconds .

========================================================================
Received Prepare
Registering precompiled user dll's ...
Registered in 0.001426 seconds.
Begin MonoManager ReloadAssembly
Native extension for LinuxStandalone target not found
Native extension for WindowsStandalone target not found
Native extension for OSXStandalone target not found
Refreshing native plugins compatible for Editor in 0.65 ms, found 0 plugins.
Preloading 0 native plugins for Editor in 0.00 ms.
Invoked RoslynAnalysisRunner static constructor.
RoslynAnalysisRunner will not be running.
RoslynAnalysisRunner has terminated.
Mono: successfully reloaded assembly
- Completed reload, in  0.869 seconds
Platform modules already initialized, skipping
Refreshing native plugins compatible for Editor in 0.66 ms, found 0 plugins.
Preloading 0 native plugins for Editor in 0.00 ms.
Unloading 3294 Unused Serialized files (Serialized files now loaded: 0)
System memory in use before: 175.6 MB.
System memory in use after: 175.9 MB.

Unloading 6 unused Assets to reduce memory usage. Loaded Objects now: 4322.
Total: 2.695400 ms (FindLiveObjects: 0.433700 ms CreateObjectMapping: 0.082600 ms MarkObjects: 2.159200 ms  DeleteObjects: 0.019000 ms)

========================================================================
Received Import Request.
  Time since last request: 26.551798 seconds.
  path: Assets/Resources/pref/level/data/Lamp.asset
  artifactKey: Guid(ec4e580163126364c90f582da71d1277) Importer(815301076,1909f56bfc062723c751e8b465ee728b)
Start importing Assets/Resources/pref/level/data/Lamp.asset using Guid(ec4e580163126364c90f582da71d1277) Importer(815301076,1909f56bfc062723c751e8b465ee728b)  -> (artifact id: 'e3968a46507b1f2a326c610ca7f415f2') in 0.020731 seconds
  Import took 0.026285 seconds .

========================================================================
Received Import Request.
  Time since last request: 1.086056 seconds.
  path: Assets/Resources/pref/level/data/Lamp.asset
  artifactKey: Guid(ec4e580163126364c90f582da71d1277) Importer(815301076,1909f56bfc062723c751e8b465ee728b)
Start importing Assets/Resources/pref/level/data/Lamp.asset using Guid(ec4e580163126364c90f582da71d1277) Importer(815301076,1909f56bfc062723c751e8b465ee728b)  -> (artifact id: 'e3968a46507b1f2a326c610ca7f415f2') in 0.003350 seconds
  Import took 0.013418 seconds .

========================================================================
Received Prepare
Registering precompiled user dll's ...
Registered in 0.001253 seconds.
Begin MonoManager ReloadAssembly
Native extension for LinuxStandalone target not found
Native extension for WindowsStandalone target not found
Native extension for OSXStandalone target not found
Refreshing native plugins compatible for Editor in 0.68 ms, found 0 plugins.
Preloading 0 native plugins for Editor in 0.00 ms.
Invoked RoslynAnalysisRunner static constructor.
RoslynAnalysisRunner will not be running.
RoslynAnalysisRunner has terminated.
Mono: successfully reloaded assembly
- Completed reload, in  0.854 seconds
Platform modules already initialized, skipping
Refreshing native plugins compatible for Editor in 0.72 ms, found 0 plugins.
Preloading 0 native plugins for Editor in 0.00 ms.
Unloading 3294 Unused Serialized files (Serialized files now loaded: 0)
System memory in use before: 175.7 MB.
System memory in use after: 175.9 MB.

Unloading 6 unused Assets to reduce memory usage. Loaded Objects now: 4324.
Total: 2.402300 ms (FindLiveObjects: 0.362600 ms CreateObjectMapping: 0.083600 ms MarkObjects: 1.942400 ms  DeleteObjects: 0.012800 ms)

========================================================================
Received Import Request.
  Time since last request: 62.365193 seconds.
  path: Assets/Assets/models/level/lamp/lamp.prefab
  artifactKey: Guid(a55b95c6dc554fb40ad362c7b3b82769) Importer(815301076,1909f56bfc062723c751e8b465ee728b)
Start importing Assets/Assets/models/level/lamp/lamp.prefab using Guid(a55b95c6dc554fb40ad362c7b3b82769) Importer(815301076,1909f56bfc062723c751e8b465ee728b)  -> (artifact id: 'fb52a782cc71cb9a9bff6d6ea58f7800') in 0.416712 seconds
  Import took 0.422169 seconds .

========================================================================
Received Import Request.
  Time since last request: 0.261991 seconds.
  path: Assets/Assets/models/level/lamp/lamp.prefab
  artifactKey: Guid(a55b95c6dc554fb40ad362c7b3b82769) Importer(815301076,1909f56bfc062723c751e8b465ee728b)
Start importing Assets/Assets/models/level/lamp/lamp.prefab using Guid(a55b95c6dc554fb40ad362c7b3b82769) Importer(815301076,1909f56bfc062723c751e8b465ee728b)  -> (artifact id: '496b30192023fd5ec8f96e5d9d1d8361') in 0.018498 seconds
  Import took 0.023952 seconds .

========================================================================
Received Import Request.
  Time since last request: 2.180882 seconds.
  path: Assets/Assets/models/level/lamp/lamp.prefab
  artifactKey: Guid(a55b95c6dc554fb40ad362c7b3b82769) Importer(815301076,1909f56bfc062723c751e8b465ee728b)
Start importing Assets/Assets/models/level/lamp/lamp.prefab using Guid(a55b95c6dc554fb40ad362c7b3b82769) Importer(815301076,1909f56bfc062723c751e8b465ee728b)  -> (artifact id: 'bbb1013688cacd6653fb9e9d25ed0fe3') in 0.029228 seconds
  Import took 0.034591 seconds .

========================================================================
Received Prepare
Registering precompiled user dll's ...
Registered in 0.001498 seconds.
Begin MonoManager ReloadAssembly
Native extension for LinuxStandalone target not found
Native extension for WindowsStandalone target not found
Native extension for OSXStandalone target not found
Refreshing native plugins compatible for Editor in 0.83 ms, found 0 plugins.
Preloading 0 native plugins for Editor in 0.00 ms.
Invoked RoslynAnalysisRunner static constructor.
RoslynAnalysisRunner will not be running.
RoslynAnalysisRunner has terminated.
Mono: successfully reloaded assembly
- Completed reload, in  0.953 seconds
Platform modules already initialized, skipping
Refreshing native plugins compatible for Editor in 0.71 ms, found 0 plugins.
Preloading 0 native plugins for Editor in 0.00 ms.
Unloading 3294 Unused Serialized files (Serialized files now loaded: 0)
System memory in use before: 176.1 MB.
System memory in use after: 176.3 MB.

Unloading 6 unused Assets to reduce memory usage. Loaded Objects now: 4428.
Total: 2.663200 ms (FindLiveObjects: 0.430700 ms CreateObjectMapping: 0.085700 ms MarkObjects: 2.130800 ms  DeleteObjects: 0.015200 ms)

========================================================================
Received Import Request.
  Time since last request: 48.176053 seconds.
  path: Assets/Assets/models/level/lamp/lamp.prefab
  artifactKey: Guid(a55b95c6dc554fb40ad362c7b3b82769) Importer(815301076,1909f56bfc062723c751e8b465ee728b)
Start importing Assets/Assets/models/level/lamp/lamp.prefab using Guid(a55b95c6dc554fb40ad362c7b3b82769) Importer(815301076,1909f56bfc062723c751e8b465ee728b)  -> (artifact id: '5eb1463a49ef7d55c11f39a49a34d366') in 0.462484 seconds
  Import took 0.468339 seconds .

========================================================================
Received Import Request.
  Time since last request: 10.908422 seconds.
  path: Assets/Assets/models/level/lamp/lamp.prefab
  artifactKey: Guid(a55b95c6dc554fb40ad362c7b3b82769) Importer(815301076,1909f56bfc062723c751e8b465ee728b)
Start importing Assets/Assets/models/level/lamp/lamp.prefab using Guid(a55b95c6dc554fb40ad362c7b3b82769) Importer(815301076,1909f56bfc062723c751e8b465ee728b)  -> (artifact id: '08acb52180175c882a76fc4445075254') in 0.020612 seconds
  Import took 0.026261 seconds .

========================================================================
Received Import Request.
  Time since last request: 5.845233 seconds.
  path: Assets/Assets/models/level/lamp/lamp.prefab
  artifactKey: Guid(a55b95c6dc554fb40ad362c7b3b82769) Importer(815301076,1909f56bfc062723c751e8b465ee728b)
Start importing Assets/Assets/models/level/lamp/lamp.prefab using Guid(a55b95c6dc554fb40ad362c7b3b82769) Importer(815301076,1909f56bfc062723c751e8b465ee728b)  -> (artifact id: '228d396b26fb55bc9d87faff4cf74d38') in 0.019583 seconds
  Import took 0.025222 seconds .

========================================================================
Received Import Request.
  Time since last request: 12.326628 seconds.
  path: Assets/Assets/models/level/lamp/lamp.prefab
  artifactKey: Guid(a55b95c6dc554fb40ad362c7b3b82769) Importer(815301076,1909f56bfc062723c751e8b465ee728b)
Start importing Assets/Assets/models/level/lamp/lamp.prefab using Guid(a55b95c6dc554fb40ad362c7b3b82769) Importer(815301076,1909f56bfc062723c751e8b465ee728b)  -> (artifact id: 'f8b66df45e27e9aac06a388769f3146f') in 0.019768 seconds
  Import took 0.025306 seconds .

========================================================================
Received Prepare
Registering precompiled user dll's ...
Registered in 0.001298 seconds.
Begin MonoManager ReloadAssembly
Native extension for LinuxStandalone target not found
Native extension for WindowsStandalone target not found
Native extension for OSXStandalone target not found
Refreshing native plugins compatible for Editor in 0.64 ms, found 0 plugins.
Preloading 0 native plugins for Editor in 0.00 ms.
Invoked RoslynAnalysisRunner static constructor.
RoslynAnalysisRunner will not be running.
RoslynAnalysisRunner has terminated.
Mono: successfully reloaded assembly
- Completed reload, in  0.873 seconds
Platform modules already initialized, skipping
Refreshing native plugins compatible for Editor in 0.66 ms, found 0 plugins.
Preloading 0 native plugins for Editor in 0.00 ms.
Unloading 3294 Unused Serialized files (Serialized files now loaded: 0)
System memory in use before: 176.6 MB.
System memory in use after: 176.8 MB.

Unloading 6 unused Assets to reduce memory usage. Loaded Objects now: 4532.
Total: 2.963600 ms (FindLiveObjects: 0.410600 ms CreateObjectMapping: 0.086000 ms MarkObjects: 2.447700 ms  DeleteObjects: 0.018500 ms)

========================================================================
Received Import Request.
  Time since last request: 95.126841 seconds.
  path: Assets/Assets/models/level/lamp/lamp.prefab
  artifactKey: Guid(a55b95c6dc554fb40ad362c7b3b82769) Importer(815301076,1909f56bfc062723c751e8b465ee728b)
Start importing Assets/Assets/models/level/lamp/lamp.prefab using Guid(a55b95c6dc554fb40ad362c7b3b82769) Importer(815301076,1909f56bfc062723c751e8b465ee728b)  -> (artifact id: 'fc9bf0a4acbb6f1c10873939de0b5df3') in 0.535837 seconds
  Import took 0.542036 seconds .

========================================================================
Received Import Request.
  Time since last request: 3.540368 seconds.
  path: Assets/Assets/models/level/lamp/lamp.prefab
  artifactKey: Guid(a55b95c6dc554fb40ad362c7b3b82769) Importer(815301076,1909f56bfc062723c751e8b465ee728b)
Start importing Assets/Assets/models/level/lamp/lamp.prefab using Guid(a55b95c6dc554fb40ad362c7b3b82769) Importer(815301076,1909f56bfc062723c751e8b465ee728b)  -> (artifact id: '57eca1461fee8f1c3770eef9a955f5d8') in 0.084578 seconds
  Import took 0.090363 seconds .

========================================================================
Received Import Request.
  Time since last request: 18.471750 seconds.
  path: Assets/Assets/models/level/lamp/lamp.prefab
  artifactKey: Guid(a55b95c6dc554fb40ad362c7b3b82769) Importer(815301076,1909f56bfc062723c751e8b465ee728b)
Start importing Assets/Assets/models/level/lamp/lamp.prefab using Guid(a55b95c6dc554fb40ad362c7b3b82769) Importer(815301076,1909f56bfc062723c751e8b465ee728b)  -> (artifact id: '1b876938bcfd7b4d325ddbffd1555582') in 0.018990 seconds
  Import took 0.024636 seconds .

========================================================================
Received Import Request.
  Time since last request: 3.603840 seconds.
  path: Assets/Assets/models/level/lamp/lamp.prefab
  artifactKey: Guid(a55b95c6dc554fb40ad362c7b3b82769) Importer(815301076,1909f56bfc062723c751e8b465ee728b)
Start importing Assets/Assets/models/level/lamp/lamp.prefab using Guid(a55b95c6dc554fb40ad362c7b3b82769) Importer(815301076,1909f56bfc062723c751e8b465ee728b)  -> (artifact id: '4e102ae18b4e709b38b9bb381f3f1b26') in 0.055043 seconds
  Import took 0.060706 seconds .

========================================================================
Received Import Request.
  Time since last request: 1.355363 seconds.
  path: Assets/Assets/models/level/lamp/lamp.prefab
  artifactKey: Guid(a55b95c6dc554fb40ad362c7b3b82769) Importer(815301076,1909f56bfc062723c751e8b465ee728b)
Start importing Assets/Assets/models/level/lamp/lamp.prefab using Guid(a55b95c6dc554fb40ad362c7b3b82769) Importer(815301076,1909f56bfc062723c751e8b465ee728b)  -> (artifact id: 'b9d9f7aba63738a310b3856c8dcd243c') in 0.018876 seconds
  Import took 0.024506 seconds .

========================================================================
Received Import Request.
  Time since last request: 7.213938 seconds.
  path: Assets/Assets/models/level/lamp/lamp.prefab
  artifactKey: Guid(a55b95c6dc554fb40ad362c7b3b82769) Importer(815301076,1909f56bfc062723c751e8b465ee728b)
Start importing Assets/Assets/models/level/lamp/lamp.prefab using Guid(a55b95c6dc554fb40ad362c7b3b82769) Importer(815301076,1909f56bfc062723c751e8b465ee728b)  -> (artifact id: '9307a9addf0089b178cb9820c8bcb19c') in 0.049335 seconds
  Import took 0.055247 seconds .

========================================================================
Received Import Request.
  Time since last request: 4.396537 seconds.
  path: Assets/Assets/models/level/lamp/lamp.prefab
  artifactKey: Guid(a55b95c6dc554fb40ad362c7b3b82769) Importer(815301076,1909f56bfc062723c751e8b465ee728b)
Start importing Assets/Assets/models/level/lamp/lamp.prefab using Guid(a55b95c6dc554fb40ad362c7b3b82769) Importer(815301076,1909f56bfc062723c751e8b465ee728b)  -> (artifact id: '32f925b4c9e03db9c460369082b09d31') in 0.018704 seconds
  Import took 0.024608 seconds .

========================================================================
Received Prepare
Registering precompiled user dll's ...
Registered in 0.001354 seconds.
Begin MonoManager ReloadAssembly
Native extension for LinuxStandalone target not found
Native extension for WindowsStandalone target not found
Native extension for OSXStandalone target not found
Refreshing native plugins compatible for Editor in 0.65 ms, found 0 plugins.
Preloading 0 native plugins for Editor in 0.00 ms.
Invoked RoslynAnalysisRunner static constructor.
RoslynAnalysisRunner will not be running.
RoslynAnalysisRunner has terminated.
Mono: successfully reloaded assembly
- Completed reload, in  0.882 seconds
Platform modules already initialized, skipping
Refreshing native plugins compatible for Editor in 0.66 ms, found 0 plugins.
Preloading 0 native plugins for Editor in 0.00 ms.
Unloading 3294 Unused Serialized files (Serialized files now loaded: 0)
System memory in use before: 176.9 MB.
System memory in use after: 177.2 MB.

Unloading 6 unused Assets to reduce memory usage. Loaded Objects now: 4636.
Total: 2.832500 ms (FindLiveObjects: 0.418300 ms CreateObjectMapping: 0.085000 ms MarkObjects: 2.309400 ms  DeleteObjects: 0.018700 ms)

========================================================================
Received Import Request.
  Time since last request: 172.996434 seconds.
  path: Assets/Assets/models/level/lamp/lamp.prefab
  artifactKey: Guid(a55b95c6dc554fb40ad362c7b3b82769) Importer(815301076,1909f56bfc062723c751e8b465ee728b)
Start importing Assets/Assets/models/level/lamp/lamp.prefab using Guid(a55b95c6dc554fb40ad362c7b3b82769) Importer(815301076,1909f56bfc062723c751e8b465ee728b)  -> (artifact id: '650d4bf2e784564266c4bb502c36e9c0') in 0.408798 seconds
  Import took 0.414666 seconds .

========================================================================
Received Import Request.
  Time since last request: 8.919000 seconds.
  path: Assets/Assets/models/level/lamp/lamp.prefab
  artifactKey: Guid(a55b95c6dc554fb40ad362c7b3b82769) Importer(815301076,1909f56bfc062723c751e8b465ee728b)
Start importing Assets/Assets/models/level/lamp/lamp.prefab using Guid(a55b95c6dc554fb40ad362c7b3b82769) Importer(815301076,1909f56bfc062723c751e8b465ee728b)  -> (artifact id: 'f3456807bcf235e470dce8e1bbdc0d29') in 0.020028 seconds
  Import took 0.025780 seconds .

========================================================================
Received Import Request.
  Time since last request: 3.812148 seconds.
  path: Assets/Assets/models/level/lamp/lamp.prefab
  artifactKey: Guid(a55b95c6dc554fb40ad362c7b3b82769) Importer(815301076,1909f56bfc062723c751e8b465ee728b)
Start importing Assets/Assets/models/level/lamp/lamp.prefab using Guid(a55b95c6dc554fb40ad362c7b3b82769) Importer(815301076,1909f56bfc062723c751e8b465ee728b)  -> (artifact id: '3205aae19b5a32d87d73903021db3620') in 0.018645 seconds
  Import took 0.024230 seconds .

========================================================================
Received Prepare
Registering precompiled user dll's ...
Registered in 0.001480 seconds.
Begin MonoManager ReloadAssembly
Native extension for LinuxStandalone target not found
Native extension for WindowsStandalone target not found
Native extension for OSXStandalone target not found
Refreshing native plugins compatible for Editor in 0.65 ms, found 0 plugins.
Preloading 0 native plugins for Editor in 0.00 ms.
Invoked RoslynAnalysisRunner static constructor.
RoslynAnalysisRunner will not be running.
RoslynAnalysisRunner has terminated.
Mono: successfully reloaded assembly
- Completed reload, in  0.886 seconds
Platform modules already initialized, skipping
Refreshing native plugins compatible for Editor in 0.63 ms, found 0 plugins.
Preloading 0 native plugins for Editor in 0.00 ms.
Unloading 3294 Unused Serialized files (Serialized files now loaded: 0)
System memory in use before: 177.2 MB.
System memory in use after: 177.5 MB.

Unloading 6 unused Assets to reduce memory usage. Loaded Objects now: 4740.
Total: 2.830300 ms (FindLiveObjects: 0.427200 ms CreateObjectMapping: 0.090500 ms MarkObjects: 2.297500 ms  DeleteObjects: 0.014400 ms)

========================================================================
Received Import Request.
  Time since last request: 42.698230 seconds.
  path: Assets/Assets/models/level/lamp/lamp.prefab
  artifactKey: Guid(a55b95c6dc554fb40ad362c7b3b82769) Importer(815301076,1909f56bfc062723c751e8b465ee728b)
Start importing Assets/Assets/models/level/lamp/lamp.prefab using Guid(a55b95c6dc554fb40ad362c7b3b82769) Importer(815301076,1909f56bfc062723c751e8b465ee728b)  -> (artifact id: '17076e1504e3d464995b18c418579d20') in 0.503557 seconds
  Import took 0.509454 seconds .

========================================================================
Received Prepare
Registering precompiled user dll's ...
Registered in 0.001407 seconds.
Begin MonoManager ReloadAssembly
Native extension for LinuxStandalone target not found
Native extension for WindowsStandalone target not found
Native extension for OSXStandalone target not found
Refreshing native plugins compatible for Editor in 0.69 ms, found 0 plugins.
Preloading 0 native plugins for Editor in 0.00 ms.
Invoked RoslynAnalysisRunner static constructor.
RoslynAnalysisRunner will not be running.
RoslynAnalysisRunner has terminated.
Mono: successfully reloaded assembly
- Completed reload, in  0.963 seconds
Platform modules already initialized, skipping
Refreshing native plugins compatible for Editor in 0.67 ms, found 0 plugins.
Preloading 0 native plugins for Editor in 0.00 ms.
Unloading 3294 Unused Serialized files (Serialized files now loaded: 0)
System memory in use before: 177.5 MB.
System memory in use after: 177.7 MB.

Unloading 6 unused Assets to reduce memory usage. Loaded Objects now: 4844.
Total: 3.037000 ms (FindLiveObjects: 0.480000 ms CreateObjectMapping: 0.089100 ms MarkObjects: 2.451700 ms  DeleteObjects: 0.015400 ms)

========================================================================
Received Import Request.
  Time since last request: 38.266051 seconds.
  path: Assets/Assets/models/level/lamp/lamp.prefab
  artifactKey: Guid(a55b95c6dc554fb40ad362c7b3b82769) Importer(815301076,1909f56bfc062723c751e8b465ee728b)
Start importing Assets/Assets/models/level/lamp/lamp.prefab using Guid(a55b95c6dc554fb40ad362c7b3b82769) Importer(815301076,1909f56bfc062723c751e8b465ee728b)  -> (artifact id: '273a2276a37d0dabc861b2c555cec455') in 0.480393 seconds
  Import took 0.486164 seconds .

========================================================================
Received Prepare
Registering precompiled user dll's ...
Registered in 0.001519 seconds.
Begin MonoManager ReloadAssembly
Native extension for LinuxStandalone target not found
Native extension for WindowsStandalone target not found
Native extension for OSXStandalone target not found
Refreshing native plugins compatible for Editor in 0.64 ms, found 0 plugins.
Preloading 0 native plugins for Editor in 0.00 ms.
Invoked RoslynAnalysisRunner static constructor.
RoslynAnalysisRunner will not be running.
RoslynAnalysisRunner has terminated.
Mono: successfully reloaded assembly
- Completed reload, in  0.898 seconds
Platform modules already initialized, skipping
Refreshing native plugins compatible for Editor in 0.65 ms, found 0 plugins.
Preloading 0 native plugins for Editor in 0.00 ms.
Unloading 3294 Unused Serialized files (Serialized files now loaded: 0)
System memory in use before: 177.8 MB.
System memory in use after: 178.1 MB.

Unloading 6 unused Assets to reduce memory usage. Loaded Objects now: 4948.
Total: 2.978700 ms (FindLiveObjects: 0.433500 ms CreateObjectMapping: 0.093300 ms MarkObjects: 2.436600 ms  DeleteObjects: 0.014600 ms)

========================================================================
Received Import Request.
  Time since last request: 87.851167 seconds.
  path: Assets/Resources/pref/level/enemy/enemy.prefab
  artifactKey: Guid(fc4d6b1bc73245542aa21a7b409fa223) Importer(815301076,1909f56bfc062723c751e8b465ee728b)
Start importing Assets/Resources/pref/level/enemy/enemy.prefab using Guid(fc4d6b1bc73245542aa21a7b409fa223) Importer(815301076,1909f56bfc062723c751e8b465ee728b)  -> (artifact id: '170af44299abcdf310454f18402ece48') in 0.536160 seconds
  Import took 0.542375 seconds .

========================================================================
Received Import Request.
  Time since last request: 2.729416 seconds.
  path: Assets/Resources/pref/level/enemy/enemy.prefab
  artifactKey: Guid(fc4d6b1bc73245542aa21a7b409fa223) Importer(815301076,1909f56bfc062723c751e8b465ee728b)
Start importing Assets/Resources/pref/level/enemy/enemy.prefab using Guid(fc4d6b1bc73245542aa21a7b409fa223) Importer(815301076,1909f56bfc062723c751e8b465ee728b)  -> (artifact id: '2c2189796660cd49f6987e2c5c4f37bf') in 0.049221 seconds
  Import took 0.055115 seconds .

========================================================================
Received Import Request.
  Time since last request: 0.042334 seconds.
  path: Assets/Resources/pref/level/enemy/enemy.prefab
  artifactKey: Guid(fc4d6b1bc73245542aa21a7b409fa223) Importer(815301076,1909f56bfc062723c751e8b465ee728b)
Start importing Assets/Resources/pref/level/enemy/enemy.prefab using Guid(fc4d6b1bc73245542aa21a7b409fa223) Importer(815301076,1909f56bfc062723c751e8b465ee728b)  -> (artifact id: '2c2189796660cd49f6987e2c5c4f37bf') in 0.066857 seconds
  Import took 0.072328 seconds .

========================================================================
Received Import Request.
  Time since last request: 10.683969 seconds.
  path: Assets/Resources/pref/level/enemy/enemy.prefab
  artifactKey: Guid(fc4d6b1bc73245542aa21a7b409fa223) Importer(815301076,1909f56bfc062723c751e8b465ee728b)
Start importing Assets/Resources/pref/level/enemy/enemy.prefab using Guid(fc4d6b1bc73245542aa21a7b409fa223) Importer(815301076,1909f56bfc062723c751e8b465ee728b)  -> (artifact id: '53a5c3c378fa12f63ed9d81babd7b386') in 0.045220 seconds
  Import took 0.051243 seconds .

========================================================================
Received Import Request.
  Time since last request: 0.064719 seconds.
  path: Assets/Resources/pref/level/enemy/enemy.prefab
  artifactKey: Guid(fc4d6b1bc73245542aa21a7b409fa223) Importer(815301076,1909f56bfc062723c751e8b465ee728b)
Start importing Assets/Resources/pref/level/enemy/enemy.prefab using Guid(fc4d6b1bc73245542aa21a7b409fa223) Importer(815301076,1909f56bfc062723c751e8b465ee728b)  -> (artifact id: '53a5c3c378fa12f63ed9d81babd7b386') in 0.034735 seconds
  Import took 0.040554 seconds .

========================================================================
Received Import Request.
  Time since last request: 1.659312 seconds.
  path: Assets/Resources/pref/level/enemy/enemy.prefab
  artifactKey: Guid(fc4d6b1bc73245542aa21a7b409fa223) Importer(815301076,1909f56bfc062723c751e8b465ee728b)
Start importing Assets/Resources/pref/level/enemy/enemy.prefab using Guid(fc4d6b1bc73245542aa21a7b409fa223) Importer(815301076,1909f56bfc062723c751e8b465ee728b)  -> (artifact id: 'a493b93916d8a8119bafc1d6285a6d85') in 0.024830 seconds
  Import took 0.030806 seconds .

========================================================================
Received Import Request.
  Time since last request: 2.188157 seconds.
  path: Assets/Resources/pref/level/enemy/enemy.prefab
  artifactKey: Guid(fc4d6b1bc73245542aa21a7b409fa223) Importer(815301076,1909f56bfc062723c751e8b465ee728b)
Start importing Assets/Resources/pref/level/enemy/enemy.prefab using Guid(fc4d6b1bc73245542aa21a7b409fa223) Importer(815301076,1909f56bfc062723c751e8b465ee728b)  -> (artifact id: '045aea8a6dd7add8495fa7830f31f497') in 0.026956 seconds
  Import took 0.033141 seconds .

========================================================================
Received Import Request.
  Time since last request: 11.577769 seconds.
  path: Assets/Resources/pref/level/enemy/enemy.prefab
  artifactKey: Guid(fc4d6b1bc73245542aa21a7b409fa223) Importer(815301076,1909f56bfc062723c751e8b465ee728b)
Start importing Assets/Resources/pref/level/enemy/enemy.prefab using Guid(fc4d6b1bc73245542aa21a7b409fa223) Importer(815301076,1909f56bfc062723c751e8b465ee728b)  -> (artifact id: '617a1874a0d305223ad65325a2ebe9d6') in 0.025748 seconds
  Import took 0.031741 seconds .

========================================================================
Received Import Request.
  Time since last request: 2.975252 seconds.
  path: Assets/Resources/pref/level/enemy/enemy.prefab
  artifactKey: Guid(fc4d6b1bc73245542aa21a7b409fa223) Importer(815301076,1909f56bfc062723c751e8b465ee728b)
Start importing Assets/Resources/pref/level/enemy/enemy.prefab using Guid(fc4d6b1bc73245542aa21a7b409fa223) Importer(815301076,1909f56bfc062723c751e8b465ee728b)  -> (artifact id: '92b2de46741ff5a4ec278b5a62226317') in 0.025482 seconds
  Import took 0.031507 seconds .

========================================================================
Received Import Request.
  Time since last request: 1.380802 seconds.
  path: Assets/Resources/pref/level/enemy/enemy.prefab
  artifactKey: Guid(fc4d6b1bc73245542aa21a7b409fa223) Importer(815301076,1909f56bfc062723c751e8b465ee728b)
Start importing Assets/Resources/pref/level/enemy/enemy.prefab using Guid(fc4d6b1bc73245542aa21a7b409fa223) Importer(815301076,1909f56bfc062723c751e8b465ee728b)  -> (artifact id: 'be76eb6d3486393c4513d70b7497aa0b') in 0.042264 seconds
  Import took 0.048251 seconds .

========================================================================
Received Import Request.
  Time since last request: 5.596435 seconds.
  path: Assets/Resources/pref/level/enemy/enemy.prefab
  artifactKey: Guid(fc4d6b1bc73245542aa21a7b409fa223) Importer(815301076,1909f56bfc062723c751e8b465ee728b)
Start importing Assets/Resources/pref/level/enemy/enemy.prefab using Guid(fc4d6b1bc73245542aa21a7b409fa223) Importer(815301076,1909f56bfc062723c751e8b465ee728b)  -> (artifact id: 'f1ec461c41390e9e6de093868a42cd64') in 0.025084 seconds
  Import took 0.031204 seconds .

========================================================================
Received Prepare
Registering precompiled user dll's ...
Registered in 0.001407 seconds.
Begin MonoManager ReloadAssembly
Native extension for LinuxStandalone target not found
Native extension for WindowsStandalone target not found
Native extension for OSXStandalone target not found
Refreshing native plugins compatible for Editor in 0.66 ms, found 0 plugins.
Preloading 0 native plugins for Editor in 0.00 ms.
Invoked RoslynAnalysisRunner static constructor.
RoslynAnalysisRunner will not be running.
RoslynAnalysisRunner has terminated.
Mono: successfully reloaded assembly
- Completed reload, in  0.941 seconds
Platform modules already initialized, skipping
Refreshing native plugins compatible for Editor in 0.66 ms, found 0 plugins.
Preloading 0 native plugins for Editor in 0.00 ms.
Unloading 3294 Unused Serialized files (Serialized files now loaded: 0)
System memory in use before: 189.7 MB.
System memory in use after: 189.9 MB.

Unloading 6 unused Assets to reduce memory usage. Loaded Objects now: 5053.
Total: 3.243500 ms (FindLiveObjects: 0.529200 ms CreateObjectMapping: 0.089800 ms MarkObjects: 2.606800 ms  DeleteObjects: 0.016400 ms)

========================================================================
Received Prepare
Registering precompiled user dll's ...
Registered in 0.001235 seconds.
Begin MonoManager ReloadAssembly
Native extension for LinuxStandalone target not found
Native extension for WindowsStandalone target not found
Native extension for OSXStandalone target not found
Refreshing native plugins compatible for Editor in 0.71 ms, found 0 plugins.
Preloading 0 native plugins for Editor in 0.00 ms.
Invoked RoslynAnalysisRunner static constructor.
RoslynAnalysisRunner will not be running.
RoslynAnalysisRunner has terminated.
Mono: successfully reloaded assembly
- Completed reload, in  0.873 seconds
Platform modules already initialized, skipping
Refreshing native plugins compatible for Editor in 0.65 ms, found 0 plugins.
Preloading 0 native plugins for Editor in 0.00 ms.
Unloading 3294 Unused Serialized files (Serialized files now loaded: 0)
System memory in use before: 189.5 MB.
System memory in use after: 189.8 MB.

Unloading 6 unused Assets to reduce memory usage. Loaded Objects now: 5055.
Total: 3.277800 ms (FindLiveObjects: 0.494000 ms CreateObjectMapping: 0.088400 ms MarkObjects: 2.645700 ms  DeleteObjects: 0.048000 ms)

========================================================================
Received Import Request.
  Time since last request: 98.885277 seconds.
  path: Assets/Resources/pref/level/data/BlobEnemy.asset
  artifactKey: Guid(cd2b1a4dc65b3ab49ac255cfe8cd1144) Importer(815301076,1909f56bfc062723c751e8b465ee728b)
Start importing Assets/Resources/pref/level/data/BlobEnemy.asset using Guid(cd2b1a4dc65b3ab49ac255cfe8cd1144) Importer(815301076,1909f56bfc062723c751e8b465ee728b)  -> (artifact id: '9261692953022565b2c2095f7e626d97') in 0.035557 seconds
  Import took 0.041235 seconds .

========================================================================
Received Import Request.
  Time since last request: 1.056454 seconds.
  path: Assets/Resources/pref/level/data/BlobEnemy.asset
  artifactKey: Guid(cd2b1a4dc65b3ab49ac255cfe8cd1144) Importer(815301076,1909f56bfc062723c751e8b465ee728b)
Start importing Assets/Resources/pref/level/data/BlobEnemy.asset using Guid(cd2b1a4dc65b3ab49ac255cfe8cd1144) Importer(815301076,1909f56bfc062723c751e8b465ee728b)  -> (artifact id: '9261692953022565b2c2095f7e626d97') in 0.004602 seconds
  Import took 0.009837 seconds .

========================================================================
Received Prepare
Registering precompiled user dll's ...
Registered in 0.001421 seconds.
Begin MonoManager ReloadAssembly
Native extension for LinuxStandalone target not found
Native extension for WindowsStandalone target not found
Native extension for OSXStandalone target not found
Refreshing native plugins compatible for Editor in 0.65 ms, found 0 plugins.
Preloading 0 native plugins for Editor in 0.00 ms.
Invoked RoslynAnalysisRunner static constructor.
RoslynAnalysisRunner will not be running.
RoslynAnalysisRunner has terminated.
Mono: successfully reloaded assembly
- Completed reload, in  0.873 seconds
Platform modules already initialized, skipping
Refreshing native plugins compatible for Editor in 0.65 ms, found 0 plugins.
Preloading 0 native plugins for Editor in 0.00 ms.
Unloading 3294 Unused Serialized files (Serialized files now loaded: 0)
System memory in use before: 189.5 MB.
System memory in use after: 189.8 MB.

Unloading 6 unused Assets to reduce memory usage. Loaded Objects now: 5057.
Total: 3.516600 ms (FindLiveObjects: 0.492400 ms CreateObjectMapping: 0.091300 ms MarkObjects: 2.914900 ms  DeleteObjects: 0.017100 ms)

AssetImportWorkerClient::OnTransportError - code=2 error=End of file
