Using pre-set license
Desktop is 1920 x 1080 @ 60 Hz

 COMMAND LINE ARGUMENTS:
Unity
-adb2
-batchMode
-noUpm
-name
AssetImportWorker0
-projectPath
/home/max/Schreibtisch/DungeonsAndDungeons/DungeonMaker
-logFile
Logs/AssetImportWorker0.log
-srvPort
44285
Successfully changed project path to: /home/max/Schreibtisch/DungeonsAndDungeons/DungeonMaker
/home/max/Schreibtisch/DungeonsAndDungeons/DungeonMaker
Using Asset Import Pipeline V2.
Refreshing native plugins compatible for Editor in 46,07 ms, found 0 plugins.
Preloading 0 native plugins for Editor in 0,00 ms.
Initialize engine version: 2020.2.0a19 (8037ac78137e)
[Subsystems] Discovering subsystems at path /home/max/Unity/Hub/Editor/2020.2.0a19/Editor/Data/Resources/UnitySubsystems
[Subsystems] Discovering subsystems at path /home/max/Schreibtisch/DungeonsAndDungeons/DungeonMaker/Assets
GLX Extensions: GLX_ARB_create_context GLX_ARB_create_context_no_error GLX_ARB_create_context_profile GLX_ARB_create_context_robustness GLX_ARB_fbconfig_float GLX_ARB_framebuffer_sRGB GLX_ARB_get_proc_address GLX_ARB_multisample GLX_EXT_buffer_age GLX_EXT_create_context_es2_profile GLX_EXT_create_context_es_profile GLX_EXT_fbconfig_packed_float GLX_EXT_framebuffer_sRGB GLX_EXT_import_context GLX_EXT_texture_from_pixmap GLX_EXT_visual_info GLX_EXT_visual_rating GLX_INTEL_swap_event GLX_MESA_copy_sub_buffer GLX_MESA_query_renderer GLX_MESA_swap_control GLX_OML_swap_method GLX_OML_sync_control GLX_SGIS_multisample GLX_SGIX_fbconfig GLX_SGIX_pbuffer GLX_SGIX_visual_select_group GLX_SGI_make_current_read GLX_SGI_swap_control GLX_SGI_video_sync 
Renderer: Mesa Intel(R) UHD Graphics 620 (KBL GT2)
Vendor:   Intel
Version:  4.6 (Core Profile) Mesa 20.2.0-devel (git-f079c00 2020-05-13 eoan-oibaf-ppa)
GLES:     0
 GL_3DFX_texture_compression_FXT1 GL_AMD_conservative_depth GL_AMD_depth_clamp_separate GL_AMD_draw_buffers_blend GL_AMD_gpu_shader_int64 GL_AMD_multi_draw_indirect GL_AMD_performance_monitor GL_AMD_pinned_memory GL_AMD_query_buffer_object GL_AMD_seamless_cubemap_per_texture GL_AMD_shader_stencil_export GL_AMD_shader_trinary_minmax GL_AMD_texture_texture4 GL_AMD_vertex_shader_layer GL_AMD_vertex_shader_viewport_index GL_ANGLE_texture_compression_dxt3 GL_ANGLE_texture_compression_dxt5 GL_ARB_ES2_compatibility GL_ARB_ES3_1_compatibility GL_ARB_ES3_2_compatibility GL_ARB_ES3_compatibility GL_ARB_arrays_of_arrays GL_ARB_base_instance GL_ARB_blend_func_extended GL_ARB_buffer_storage GL_ARB_clear_buffer_object GL_ARB_clear_texture GL_ARB_clip_control GL_ARB_compressed_texture_pixel_storage GL_ARB_compute_shader GL_ARB_compute_variable_group_size GL_ARB_conditional_render_inverted GL_ARB_conservative_depth GL_ARB_copy_buffer GL_ARB_copy_image GL_ARB_cull_distance GL_ARB_debug_output GL_ARB_depth_buffer_float GL_ARB
_depth_clamp GL_ARB_derivative_control GL_ARB_direct_state_access GL_ARB_draw_buffers GL_ARB_draw_buffers_blend GL_ARB_draw_elements_base_vertex GL_ARB_draw_indirect GL_ARB_draw_instanced GL_ARB_enhanced_layouts GL_ARB_explicit_attrib_location GL_ARB_explicit_uniform_location GL_ARB_fragment_coord_conventions GL_ARB_fragment_layer_viewport GL_ARB_fragment_shader GL_ARB_fragment_shader_interlock GL_ARB_framebuffer_no_attachments GL_ARB_framebuffer_object GL_ARB_framebuffer_sRGB GL_ARB_get_program_binary GL_ARB_get_texture_sub_image GL_ARB_gl_spirv GL_ARB_gpu_shader5 GL_ARB_gpu_shader_fp64 GL_ARB_gpu_shader_int64 GL_ARB_half_float_pixel GL_ARB_half_float_vertex GL_ARB_indirect_parameters GL_ARB_instanced_arrays GL_ARB_internalformat_query GL_ARB_internalformat_query2 GL_ARB_invalidate_subdata GL_ARB_map_buffer_alignment GL_ARB_map_buffer_range GL_ARB_multi_bind GL_ARB_multi_draw_indirect GL_ARB_occlusion_query2 GL_ARB_parallel_shader_compile GL_ARB_pipeline_statistics_query GL_ARB_pixel_buffer_object GL_ARB_po
int_sprite GL_ARB_polygon_offset_clamp GL_ARB_post_depth_coverage GL_ARB_program_interface_query GL_ARB_provoking_vertex GL_ARB_query_buffer_object GL_ARB_robust_buffer_access_behavior GL_ARB_robustness GL_ARB_sample_shading GL_ARB_sampler_objects GL_ARB_seamless_cube_map GL_ARB_seamless_cubemap_per_texture GL_ARB_separate_shader_objects GL_ARB_shader_atomic_counter_ops GL_ARB_shader_atomic_counters GL_ARB_shader_ballot GL_ARB_shader_bit_encoding GL_ARB_shader_clock GL_ARB_shader_draw_parameters GL_ARB_shader_group_vote GL_ARB_shader_image_load_store GL_ARB_shader_image_size GL_ARB_shader_objects GL_ARB_shader_precision GL_ARB_shader_stencil_export GL_ARB_shader_storage_buffer_object GL_ARB_shader_subroutine GL_ARB_shader_texture_image_samples GL_ARB_shader_texture_lod GL_ARB_shader_viewport_layer_array GL_ARB_shading_language_420pack GL_ARB_shading_language_include GL_ARB_shading_language_packing GL_ARB_spirv_extensions GL_ARB_stencil_texturing GL_ARB_sync GL_ARB_tessellation_shader GL_ARB_texture_barrier G
L_ARB_texture_buffer_object GL_ARB_texture_buffer_object_rgb32 GL_ARB_texture_buffer_range GL_ARB_texture_compression_bptc GL_ARB_texture_compression_rgtc GL_ARB_texture_cube_map_array GL_ARB_texture_filter_anisotropic GL_ARB_texture_float GL_ARB_texture_gather GL_ARB_texture_mirror_clamp_to_edge GL_ARB_texture_multisample GL_ARB_texture_non_power_of_two GL_ARB_texture_query_levels GL_ARB_texture_query_lod GL_ARB_texture_rectangle GL_ARB_texture_rg GL_ARB_texture_rgb10_a2ui GL_ARB_texture_stencil8 GL_ARB_texture_storage GL_ARB_texture_storage_multisample GL_ARB_texture_swizzle GL_ARB_texture_view GL_ARB_timer_query GL_ARB_transform_feedback2 GL_ARB_transform_feedback3 GL_ARB_transform_feedback_instanced GL_ARB_transform_feedback_overflow_query GL_ARB_uniform_buffer_object GL_ARB_vertex_array_bgra GL_ARB_vertex_array_object GL_ARB_vertex_attrib_64bit GL_ARB_vertex_attrib_binding GL_ARB_vertex_buffer_object GL_ARB_vertex_shader GL_ARB_vertex_type_10f_11f_11f_rev GL_ARB_vertex_type_2_10_10_10_rev GL_ARB_viewpor
t_array GL_ATI_blend_equation_separate GL_ATI_texture_float GL_EXT_EGL_image_storage GL_EXT_EGL_sync GL_EXT_abgr GL_EXT_blend_equation_separate GL_EXT_demote_to_helper_invocation GL_EXT_draw_buffers2 GL_EXT_draw_instanced GL_EXT_framebuffer_blit GL_EXT_framebuffer_multisample GL_EXT_framebuffer_multisample_blit_scaled GL_EXT_framebuffer_object GL_EXT_framebuffer_sRGB GL_EXT_packed_depth_stencil GL_EXT_packed_float GL_EXT_pixel_buffer_object GL_EXT_polygon_offset_clamp GL_EXT_provoking_vertex GL_EXT_shader_framebuffer_fetch GL_EXT_shader_framebuffer_fetch_non_coherent GL_EXT_shader_integer_mix GL_EXT_shader_samples_identical GL_EXT_texture_array GL_EXT_texture_compression_dxt1 GL_EXT_texture_compression_rgtc GL_EXT_texture_compression_s3tc GL_EXT_texture_filter_anisotropic GL_EXT_texture_integer GL_EXT_texture_sRGB GL_EXT_texture_sRGB_R8 GL_EXT_texture_sRGB_decode GL_EXT_texture_shadow_lod GL_EXT_texture_shared_exponent GL_EXT_texture_snorm GL_EXT_texture_swizzle GL_EXT_timer_query GL_EXT_transform_feedback G
L_EXT_vertex_array_bgra GL_EXT_vertex_attrib_64bit GL_IBM_multimode_draw_arrays GL_INTEL_blackhole_render GL_INTEL_conservative_rasterization GL_INTEL_performance_query GL_INTEL_shader_atomic_float_minmax GL_INTEL_shader_integer_functions2 GL_KHR_blend_equation_advanced GL_KHR_blend_equation_advanced_coherent GL_KHR_context_flush_control GL_KHR_debug GL_KHR_no_error GL_KHR_parallel_shader_compile GL_KHR_robust_buffer_access_behavior GL_KHR_robustness GL_KHR_texture_compression_astc_ldr GL_KHR_texture_compression_astc_sliced_3d GL_MESA_framebuffer_flip_y GL_MESA_pack_invert GL_MESA_shader_integer_functions GL_MESA_texture_signed_rgba GL_NV_compute_shader_derivatives GL_NV_conditional_render GL_NV_copy_image GL_NV_depth_clamp GL_NV_fragment_shader_interlock GL_NV_packed_depth_stencil GL_NV_texture_barrier GL_OES_EGL_image GL_S3_s3tc
OPENGL LOG: Creating OpenGL 4.6 graphics device ; Context level  <OpenGL 4.5> ; Context handle 2031919776
Shader 'Universal Render Pipeline/Particles/Lit': fallback shader 'Universal Render Pipeline/Particles/SimpleLit' not found
Initialize mono
Mono path[0] = '/home/max/Unity/Hub/Editor/2020.2.0a19/Editor/Data/Managed'
Mono path[1] = '/home/max/Unity/Hub/Editor/2020.2.0a19/Editor/Data/MonoBleedingEdge/lib/mono/unityjit'
Mono config path = '/home/max/Unity/Hub/Editor/2020.2.0a19/Editor/Data/MonoBleedingEdge/etc'
Using monoOptions --debugger-agent=transport=dt_socket,embedding=1,server=y,suspend=n,address=127.0.0.1:56263
Begin MonoManager ReloadAssembly
Registering precompiled unity dll's ...
Register platform support module: /home/max/Unity/Hub/Editor/2020.2.0a19/Editor/Data/PlaybackEngines/WindowsStandaloneSupport/UnityEditor.WindowsStandalone.Extensions.dll
Register platform support module: /home/max/Unity/Hub/Editor/2020.2.0a19/Editor/Data/PlaybackEngines/LinuxStandaloneSupport/UnityEditor.LinuxStandalone.Extensions.dll
Registered in 0,001612 seconds.
Native extension for LinuxStandalone target not found
Native extension for WindowsStandalone target not found
Refreshing native plugins compatible for Editor in 46,76 ms, found 0 plugins.
Preloading 0 native plugins for Editor in 0,00 ms.
Invoked RoslynAnalysisRunner static constructor.
RoslynAnalysisRunner will not be running.
RoslynAnalysisRunner has terminated.
Mono: successfully reloaded assembly
- Completed reload, in  1,487 seconds
Registering precompiled user dll's ...
Registered in 0,083567 seconds.
Platform modules already initialized, skipping
Begin MonoManager ReloadAssembly
Symbol file LoadedFromMemory doesn't match image /home/max/Schreibtisch/DungeonsAndDungeons/DungeonMaker/Library/PackageCache/com.unity.ext.nunit@1.0.0/net35/unity-custom/nunit.framework.dll
Native extension for LinuxStandalone target not found
Native extension for WindowsStandalone target not found
Refreshing native plugins compatible for Editor in 50,97 ms, found 0 plugins.
Preloading 0 native plugins for Editor in 0,00 ms.
Invoked RoslynAnalysisRunner static constructor.
RoslynAnalysisRunner will not be running.
RoslynAnalysisRunner has terminated.
Mono: successfully reloaded assembly
- Completed reload, in  0,832 seconds
Platform modules already initialized, skipping
========================================================================
Worker process is ready to serve import requests
RefreshInternalV2 is called before InitialScriptRefresh has been called and asset database isn't fully initialized.

Refresh completed in 0,000072 seconds.
RefreshInfo: RefreshV2(NoUpdateAssetOptions) scanfilter: 
RefreshProfiler: Total: 0,000ms
Shader 'Universal Render Pipeline/Particles/Lit': fallback shader 'Universal Render Pipeline/Particles/SimpleLit' not found
Launched and connected shader compiler UnityShaderCompiler after 0.01 seconds
Refreshing native plugins compatible for Editor in 0,63 ms, found 0 plugins.
Preloading 0 native plugins for Editor in 0,00 ms.
Unloading 2484 Unused Serialized files (Serialized files now loaded: 0)
System memory in use before: 112,3 MB.
System memory in use after: 112,5 MB.

Unloading 5 unused Assets to reduce memory usage. Loaded Objects now: 2940.
Total: 9,783384 ms (FindLiveObjects: 0,662187 ms CreateObjectMapping: 0,255012 ms MarkObjects: 8,723328 ms  DeleteObjects: 0,142241 ms)

========================================================================
Received Import Request.
  path: Assets/Settings
  artifactKey: Guid(91c8a82326f4f07749212c70338dfdc3) Importer(815301076,1909f56bfc062723c751e8b465ee728b)
Start importing Assets/Settings using Guid(91c8a82326f4f07749212c70338dfdc3) Importer(815301076,1909f56bfc062723c751e8b465ee728b)  -> (artifact id: '2a34d4c742afc28c879e065ce291e743') in 0,008183 seconds
  Import took 0,014019 seconds .

========================================================================
Received Import Request.
  Time since last request: 25,881098 seconds.
  path: Assets/Settings/PipelineSettings.asset
  artifactKey: Guid(451e90ea4c7d773719abbb7515f23cd2) Importer(815301076,1909f56bfc062723c751e8b465ee728b)
Start importing Assets/Settings/PipelineSettings.asset using Guid(451e90ea4c7d773719abbb7515f23cd2) Importer(815301076,1909f56bfc062723c751e8b465ee728b)  -> (artifact id: 'b00e96304de9cb054fdc1e7f86faf035') in 0,038679 seconds
  Import took 0,044824 seconds .

========================================================================
Received Import Request.
  Time since last request: 0,000201 seconds.
  path: Assets/Settings/PipelineSettings_Renderer.asset
  artifactKey: Guid(83c4cbdf2332c2d8cbb21194e4bdafa5) Importer(815301076,1909f56bfc062723c751e8b465ee728b)
Start importing Assets/Settings/PipelineSettings_Renderer.asset using Guid(83c4cbdf2332c2d8cbb21194e4bdafa5) Importer(815301076,1909f56bfc062723c751e8b465ee728b)  -> (artifact id: '15d3e23a6b3ba583d6dcc55c8feaa95c') in 0,013551 seconds
  Import took 0,018737 seconds .

========================================================================
Received Prepare
RefreshInternalV2 is called before InitialScriptRefresh has been called and asset database isn't fully initialized.

Refresh completed in 0,000060 seconds.
RefreshInfo: RefreshV2(NoUpdateAssetOptions) scanfilter: 
RefreshProfiler: Total: 0,000ms
Shader 'Universal Render Pipeline/Particles/Lit': fallback shader 'Universal Render Pipeline/Particles/SimpleLit' not found
Refreshing native plugins compatible for Editor in 1,30 ms, found 0 plugins.
Preloading 0 native plugins for Editor in 0,00 ms.
Unloading 4 Unused Serialized files (Serialized files now loaded: 0)
System memory in use before: 58,7 MB.
System memory in use after: 59,0 MB.

Unloading 3 unused Assets to reduce memory usage. Loaded Objects now: 2940.
Total: 10,547641 ms (FindLiveObjects: 0,624134 ms CreateObjectMapping: 0,176767 ms MarkObjects: 9,718255 ms  DeleteObjects: 0,027781 ms)

========================================================================
Received Import Request.
  Time since last request: 21,768761 seconds.
  path: Assets/Settings/New Lighting Settings.lighting
  artifactKey: Guid(496ae8aee156ef784bc48b6a591f6bef) Importer(815301076,1909f56bfc062723c751e8b465ee728b)
Start importing Assets/Settings/New Lighting Settings.lighting using Guid(496ae8aee156ef784bc48b6a591f6bef) Importer(815301076,1909f56bfc062723c751e8b465ee728b)  -> (artifact id: '77a9d93d4ed5de84c06b0b9e4511edae') in 0,002381 seconds
  Import took 0,008024 seconds .

========================================================================
Received Import Request.
  Time since last request: 0,018256 seconds.
  path: Assets/Settings/New Lighting Settings.lighting
  artifactKey: Guid(496ae8aee156ef784bc48b6a591f6bef) Importer(815301076,1909f56bfc062723c751e8b465ee728b)
Start importing Assets/Settings/New Lighting Settings.lighting using Guid(496ae8aee156ef784bc48b6a591f6bef) Importer(815301076,1909f56bfc062723c751e8b465ee728b)  -> (artifact id: '77a9d93d4ed5de84c06b0b9e4511edae') in 0,002136 seconds
  Import took 0,007346 seconds .

========================================================================
Received Import Request.
  Time since last request: 2,611723 seconds.
  path: Assets/Settings/PipelineSettings_Renderer.asset
  artifactKey: Guid(83c4cbdf2332c2d8cbb21194e4bdafa5) Importer(815301076,1909f56bfc062723c751e8b465ee728b)
Start importing Assets/Settings/PipelineSettings_Renderer.asset using Guid(83c4cbdf2332c2d8cbb21194e4bdafa5) Importer(815301076,1909f56bfc062723c751e8b465ee728b)  -> (artifact id: 'cb897be973b815bed93040b88cff24b8') in 0,014965 seconds
  Import took 0,022042 seconds .

========================================================================
Received Prepare
Reloading mono domain
Begin MonoManager ReloadAssembly
Registering precompiled unity dll's ...
Register platform support module: /home/max/Unity/Hub/Editor/2020.2.0a19/Editor/Data/PlaybackEngines/WindowsStandaloneSupport/UnityEditor.WindowsStandalone.Extensions.dll
Register platform support module: /home/max/Unity/Hub/Editor/2020.2.0a19/Editor/Data/PlaybackEngines/LinuxStandaloneSupport/UnityEditor.LinuxStandalone.Extensions.dll
Registered in 0,002128 seconds.
./Editor/Platform/Linux/TempStubs.cpp:PlatformImageForIconForExtension
./Editor/Platform/Linux/TempStubs.cpp:PlatformImageForIconForExtension
./Editor/Platform/Linux/TempStubs.cpp:PlatformImageForIconForExtension
./Editor/Platform/Linux/TempStubs.cpp:PlatformImageForIconForExtension
./Editor/Platform/Linux/TempStubs.cpp:PlatformImageForIconForExtension
Symbol file LoadedFromMemory doesn't match image /home/max/Schreibtisch/DungeonsAndDungeons/DungeonMaker/Library/PackageCache/com.unity.ext.nunit@1.0.0/net35/unity-custom/nunit.framework.dll
Native extension for LinuxStandalone target not found
Native extension for WindowsStandalone target not found
Refreshing native plugins compatible for Editor in 72,47 ms, found 0 plugins.
Preloading 0 native plugins for Editor in 0,00 ms.
Invoked RoslynAnalysisRunner static constructor.
RoslynAnalysisRunner will not be running.
RoslynAnalysisRunner has terminated.
Mono: successfully reloaded assembly
- Completed reload, in  1,087 seconds
Registering precompiled user dll's ...
Registered in 0,091881 seconds.
Platform modules already initialized, skipping
Begin MonoManager ReloadAssembly
Symbol file LoadedFromMemory doesn't match image /home/max/Schreibtisch/DungeonsAndDungeons/DungeonMaker/Library/PackageCache/com.unity.ext.nunit@1.0.0/net35/unity-custom/nunit.framework.dll
Native extension for LinuxStandalone target not found
Native extension for WindowsStandalone target not found
Refreshing native plugins compatible for Editor in 0,62 ms, found 0 plugins.
Preloading 0 native plugins for Editor in 0,00 ms.
Invoked RoslynAnalysisRunner static constructor.
RoslynAnalysisRunner will not be running.
RoslynAnalysisRunner has terminated.
Mono: successfully reloaded assembly
- Completed reload, in  1,078 seconds
Platform modules already initialized, skipping
RefreshInternalV2 is called before InitialScriptRefresh has been called and asset database isn't fully initialized.

Refresh completed in 0,000059 seconds.
RefreshInfo: RefreshV2(NoUpdateAssetOptions) scanfilter: 
RefreshProfiler: Total: 0,000ms
Shader 'Universal Render Pipeline/Particles/Lit': fallback shader 'Universal Render Pipeline/Particles/SimpleLit' not found
Refreshing native plugins compatible for Editor in 0,56 ms, found 0 plugins.
Preloading 0 native plugins for Editor in 0,00 ms.
Unloading 54 Unused Serialized files (Serialized files now loaded: 0)
System memory in use before: 63,5 MB.
System memory in use after: 63,8 MB.

Unloading 5 unused Assets to reduce memory usage. Loaded Objects now: 2991.
Total: 9,466619 ms (FindLiveObjects: 0,681800 ms CreateObjectMapping: 0,229936 ms MarkObjects: 8,513385 ms  DeleteObjects: 0,040808 ms)

========================================================================
Received Import Request.
  Time since last request: 62,219116 seconds.
  path: Assets/Scenes/MainMenuScene
  artifactKey: Guid(a9e7911e8d8b2345bbf01f4845ea535e) Importer(815301076,1909f56bfc062723c751e8b465ee728b)
Start importing Assets/Scenes/MainMenuScene using Guid(a9e7911e8d8b2345bbf01f4845ea535e) Importer(815301076,1909f56bfc062723c751e8b465ee728b)  -> (artifact id: 'd93cc6d6000fd3758aa4c792f925d1a9') in 0,001818 seconds
  Import took 0,006748 seconds .

========================================================================
Received Import Request.
  Time since last request: 0,000297 seconds.
  path: Assets/Scenes/MainScene.unity
  artifactKey: Guid(54e2a2c57a581df9bbdfde042863bcf9) Importer(815301076,1909f56bfc062723c751e8b465ee728b)
Start importing Assets/Scenes/MainScene.unity using Guid(54e2a2c57a581df9bbdfde042863bcf9) Importer(815301076,1909f56bfc062723c751e8b465ee728b)  -> (artifact id: '715b0a77d2f3edefd01bacccd0ebaafd') in 0,008019 seconds
  Import took 0,012626 seconds .

========================================================================
Received Import Request.
  Time since last request: 0,000208 seconds.
  path: Assets/Scenes/OptionScene.unity
  artifactKey: Guid(0edd5105ba7ff10d2aede4796a3da9d1) Importer(815301076,1909f56bfc062723c751e8b465ee728b)
Start importing Assets/Scenes/OptionScene.unity using Guid(0edd5105ba7ff10d2aede4796a3da9d1) Importer(815301076,1909f56bfc062723c751e8b465ee728b)  -> (artifact id: 'c0151b51308373784b6f8f0e9de91106') in 0,000886 seconds
  Import took 0,004593 seconds .

========================================================================
Received Import Request.
  Time since last request: 0,000167 seconds.
  path: Assets/Scenes/MainMenuScene.unity
  artifactKey: Guid(2ad0ac6ed6b9e18218e9604b180afd39) Importer(815301076,1909f56bfc062723c751e8b465ee728b)
Start importing Assets/Scenes/MainMenuScene.unity using Guid(2ad0ac6ed6b9e18218e9604b180afd39) Importer(815301076,1909f56bfc062723c751e8b465ee728b)  -> (artifact id: 'a4b6ebe1d2a0a420477f7e088accbe20') in 0,000789 seconds
  Import took 0,004214 seconds .

========================================================================
Received Import Request.
  Time since last request: 0,000152 seconds.
  path: Assets/Scenes/PlayScene.unity
  artifactKey: Guid(4c759065c8496754b90bc301a6b67c69) Importer(815301076,1909f56bfc062723c751e8b465ee728b)
Start importing Assets/Scenes/PlayScene.unity using Guid(4c759065c8496754b90bc301a6b67c69) Importer(815301076,1909f56bfc062723c751e8b465ee728b)  -> (artifact id: '9a5f7c6b94045074ed1c2df10c1dcd33') in 0,000779 seconds
  Import took 0,004044 seconds .

========================================================================
Received Import Request.
  Time since last request: 0,000144 seconds.
  path: Assets/Scenes/PlayScene
  artifactKey: Guid(930b85911d5ca745f8c0d4342e9a15e2) Importer(815301076,1909f56bfc062723c751e8b465ee728b)
Start importing Assets/Scenes/PlayScene using Guid(930b85911d5ca745f8c0d4342e9a15e2) Importer(815301076,1909f56bfc062723c751e8b465ee728b)  -> (artifact id: '956f50b98051cca072e731d2b1e65e0c') in 0,000519 seconds
  Import took 0,003602 seconds .

========================================================================
Received Import Request.
  Time since last request: 0,000244 seconds.
  path: Assets/Scenes/TestingScene.unity
  artifactKey: Guid(1938a6d660f149d388a152ba1d3ac399) Importer(815301076,1909f56bfc062723c751e8b465ee728b)
Start importing Assets/Scenes/TestingScene.unity using Guid(1938a6d660f149d388a152ba1d3ac399) Importer(815301076,1909f56bfc062723c751e8b465ee728b)  -> (artifact id: '29b7a3fbd41fa34d9a0a5f8e64d31bdb') in 0,000745 seconds
  Import took 0,003850 seconds .

========================================================================
Received Import Request.
  Time since last request: 0,000249 seconds.
  path: Assets/Scenes/SampleScene_Profiles
  artifactKey: Guid(95dc8ff00b0a87873af863f13b984370) Importer(815301076,1909f56bfc062723c751e8b465ee728b)
Start importing Assets/Scenes/SampleScene_Profiles using Guid(95dc8ff00b0a87873af863f13b984370) Importer(815301076,1909f56bfc062723c751e8b465ee728b)  -> (artifact id: '9097cfa74fc98bce41cc48c5a537d8c0') in 0,000567 seconds
  Import took 0,003762 seconds .

========================================================================
Received Import Request.
  Time since last request: 0,000274 seconds.
  path: Assets/Scenes/SampleScene
  artifactKey: Guid(6fba910acf7e7620dbeaea62633e14af) Importer(815301076,1909f56bfc062723c751e8b465ee728b)
Start importing Assets/Scenes/SampleScene using Guid(6fba910acf7e7620dbeaea62633e14af) Importer(815301076,1909f56bfc062723c751e8b465ee728b)  -> (artifact id: 'bdcfd596107169712e642a014cf3e7b0') in 0,000509 seconds
  Import took 0,003638 seconds .

========================================================================
Received Import Request.
  Time since last request: 0,000260 seconds.
  path: Assets/Scenes/EditScene.unity
  artifactKey: Guid(a7787dc3168efeaffb9be16a5e7e87e3) Importer(815301076,1909f56bfc062723c751e8b465ee728b)
Start importing Assets/Scenes/EditScene.unity using Guid(a7787dc3168efeaffb9be16a5e7e87e3) Importer(815301076,1909f56bfc062723c751e8b465ee728b)  -> (artifact id: 'a52c405c0827ee02bee8372d7ca7e3a8') in 0,000832 seconds
  Import took 0,004018 seconds .

========================================================================
Received Import Request.
  Time since last request: 0,000283 seconds.
  path: Assets/Scenes/TestingScene
  artifactKey: Guid(5d2b04a77d1391219820521bab23b39b) Importer(815301076,1909f56bfc062723c751e8b465ee728b)
Start importing Assets/Scenes/TestingScene using Guid(5d2b04a77d1391219820521bab23b39b) Importer(815301076,1909f56bfc062723c751e8b465ee728b)  -> (artifact id: '9a4aefd5f869a212dcbedb7c50685482') in 0,000527 seconds
  Import took 0,003737 seconds .

========================================================================
Received Import Request.
  Time since last request: 0,000264 seconds.
  path: Assets/Scenes/PlayScene_Profiles
  artifactKey: Guid(694449760d16f1b82a2d9f0e01af8150) Importer(815301076,1909f56bfc062723c751e8b465ee728b)
Start importing Assets/Scenes/PlayScene_Profiles using Guid(694449760d16f1b82a2d9f0e01af8150) Importer(815301076,1909f56bfc062723c751e8b465ee728b)  -> (artifact id: 'f285a138af896d3cc12b8a4499d52a1f') in 0,000541 seconds
  Import took 0,003792 seconds .

========================================================================
Received Import Request.
  Time since last request: 63,619372 seconds.
  path: Assets/Scenes/MainMenuScene.unity
  artifactKey: Guid(2ad0ac6ed6b9e18218e9604b180afd39) Importer(815301076,1909f56bfc062723c751e8b465ee728b)
Start importing Assets/Scenes/MainMenuScene.unity using Guid(2ad0ac6ed6b9e18218e9604b180afd39) Importer(815301076,1909f56bfc062723c751e8b465ee728b)  -> (artifact id: '080650c517632d11b12c098f8bc11521') in 0,001708 seconds
  Import took 0,007671 seconds .

========================================================================
Received Prepare
Reloading mono domain
Begin MonoManager ReloadAssembly
Registering precompiled unity dll's ...
Register platform support module: /home/max/Unity/Hub/Editor/2020.2.0a19/Editor/Data/PlaybackEngines/WindowsStandaloneSupport/UnityEditor.WindowsStandalone.Extensions.dll
Register platform support module: /home/max/Unity/Hub/Editor/2020.2.0a19/Editor/Data/PlaybackEngines/LinuxStandaloneSupport/UnityEditor.LinuxStandalone.Extensions.dll
Registered in 0,001735 seconds.
Symbol file LoadedFromMemory doesn't match image /home/max/Schreibtisch/DungeonsAndDungeons/DungeonMaker/Library/PackageCache/com.unity.ext.nunit@1.0.0/net35/unity-custom/nunit.framework.dll
Native extension for LinuxStandalone target not found
Native extension for WindowsStandalone target not found
Refreshing native plugins compatible for Editor in 68,05 ms, found 0 plugins.
Preloading 0 native plugins for Editor in 0,00 ms.
Invoked RoslynAnalysisRunner static constructor.
RoslynAnalysisRunner will not be running.
RoslynAnalysisRunner has terminated.
Mono: successfully reloaded assembly
- Completed reload, in  1,110 seconds
Registering precompiled user dll's ...
Registered in 0,092897 seconds.
Platform modules already initialized, skipping
Begin MonoManager ReloadAssembly
Symbol file LoadedFromMemory doesn't match image /home/max/Schreibtisch/DungeonsAndDungeons/DungeonMaker/Library/PackageCache/com.unity.ext.nunit@1.0.0/net35/unity-custom/nunit.framework.dll
Native extension for LinuxStandalone target not found
Native extension for WindowsStandalone target not found
Refreshing native plugins compatible for Editor in 0,64 ms, found 0 plugins.
Preloading 0 native plugins for Editor in 0,00 ms.
Invoked RoslynAnalysisRunner static constructor.
RoslynAnalysisRunner will not be running.
RoslynAnalysisRunner has terminated.
Mono: successfully reloaded assembly
- Completed reload, in  1,071 seconds
Platform modules already initialized, skipping
RefreshInternalV2 is called before InitialScriptRefresh has been called and asset database isn't fully initialized.

Refresh completed in 0,000055 seconds.
RefreshInfo: RefreshV2(NoUpdateAssetOptions) scanfilter: 
RefreshProfiler: Total: 0,000ms
Shader 'Universal Render Pipeline/Particles/Lit': fallback shader 'Universal Render Pipeline/Particles/SimpleLit' not found
Refreshing native plugins compatible for Editor in 0,68 ms, found 0 plugins.
Preloading 0 native plugins for Editor in 0,00 ms.
Unloading 7 Unused Serialized files (Serialized files now loaded: 0)
System memory in use before: 62,1 MB.
System memory in use after: 62,3 MB.

Unloading 5 unused Assets to reduce memory usage. Loaded Objects now: 2995.
Total: 9,326585 ms (FindLiveObjects: 0,672178 ms CreateObjectMapping: 0,198441 ms MarkObjects: 8,417741 ms  DeleteObjects: 0,037453 ms)

========================================================================
Received Import Request.
  Time since last request: 150,935575 seconds.
  path: Assets/Scenes/MainMenuScene/LightingData.asset
  artifactKey: Guid(a54f530039674a440bcfab364daf7f69) Importer(815301076,1909f56bfc062723c751e8b465ee728b)
Start importing Assets/Scenes/MainMenuScene/LightingData.asset using Guid(a54f530039674a440bcfab364daf7f69) Importer(815301076,1909f56bfc062723c751e8b465ee728b)  -> (artifact id: 'bbd9c57ffc167c97b02e1d6fabe0bc25') in 0,016162 seconds
  Import took 0,021895 seconds .

========================================================================
Received Prepare
Reloading mono domain
Begin MonoManager ReloadAssembly
Registering precompiled unity dll's ...
Register platform support module: /home/max/Unity/Hub/Editor/2020.2.0a19/Editor/Data/PlaybackEngines/WindowsStandaloneSupport/UnityEditor.WindowsStandalone.Extensions.dll
Register platform support module: /home/max/Unity/Hub/Editor/2020.2.0a19/Editor/Data/PlaybackEngines/LinuxStandaloneSupport/UnityEditor.LinuxStandalone.Extensions.dll
Registered in 0,001650 seconds.
./Editor/Platform/Linux/TempStubs.cpp:PlatformImageForIconForExtension
Symbol file LoadedFromMemory doesn't match image /home/max/Schreibtisch/DungeonsAndDungeons/DungeonMaker/Library/PackageCache/com.unity.ext.nunit@1.0.0/net35/unity-custom/nunit.framework.dll
Native extension for LinuxStandalone target not found
Native extension for WindowsStandalone target not found
Refreshing native plugins compatible for Editor in 59,50 ms, found 0 plugins.
Preloading 0 native plugins for Editor in 0,00 ms.
Invoked RoslynAnalysisRunner static constructor.
RoslynAnalysisRunner will not be running.
RoslynAnalysisRunner has terminated.
Mono: successfully reloaded assembly
- Completed reload, in  1,168 seconds
Registering precompiled user dll's ...
Registered in 0,095555 seconds.
Platform modules already initialized, skipping
Begin MonoManager ReloadAssembly
Symbol file LoadedFromMemory doesn't match image /home/max/Schreibtisch/DungeonsAndDungeons/DungeonMaker/Library/PackageCache/com.unity.ext.nunit@1.0.0/net35/unity-custom/nunit.framework.dll
Native extension for LinuxStandalone target not found
Native extension for WindowsStandalone target not found
Refreshing native plugins compatible for Editor in 0,65 ms, found 0 plugins.
Preloading 0 native plugins for Editor in 0,00 ms.
Invoked RoslynAnalysisRunner static constructor.
RoslynAnalysisRunner will not be running.
RoslynAnalysisRunner has terminated.
Mono: successfully reloaded assembly
- Completed reload, in  1,172 seconds
Platform modules already initialized, skipping
RefreshInternalV2 is called before InitialScriptRefresh has been called and asset database isn't fully initialized.

Refresh completed in 0,000056 seconds.
RefreshInfo: RefreshV2(NoUpdateAssetOptions) scanfilter: 
RefreshProfiler: Total: 0,000ms
Shader 'Universal Render Pipeline/Particles/Lit': fallback shader 'Universal Render Pipeline/Particles/SimpleLit' not found
Refreshing native plugins compatible for Editor in 0,64 ms, found 0 plugins.
Preloading 0 native plugins for Editor in 0,00 ms.
Unloading 7 Unused Serialized files (Serialized files now loaded: 0)
System memory in use before: 62,1 MB.
System memory in use after: 62,3 MB.

Unloading 5 unused Assets to reduce memory usage. Loaded Objects now: 2999.
Total: 10,400858 ms (FindLiveObjects: 0,675335 ms CreateObjectMapping: 0,198911 ms MarkObjects: 9,486826 ms  DeleteObjects: 0,038649 ms)

========================================================================
Received Prepare
Reloading mono domain
Begin MonoManager ReloadAssembly
Registering precompiled unity dll's ...
Register platform support module: /home/max/Unity/Hub/Editor/2020.2.0a19/Editor/Data/PlaybackEngines/WindowsStandaloneSupport/UnityEditor.WindowsStandalone.Extensions.dll
Register platform support module: /home/max/Unity/Hub/Editor/2020.2.0a19/Editor/Data/PlaybackEngines/LinuxStandaloneSupport/UnityEditor.LinuxStandalone.Extensions.dll
Registered in 0,001861 seconds.
Symbol file LoadedFromMemory doesn't match image /home/max/Schreibtisch/DungeonsAndDungeons/DungeonMaker/Library/PackageCache/com.unity.ext.nunit@1.0.0/net35/unity-custom/nunit.framework.dll
Native extension for LinuxStandalone target not found
Native extension for WindowsStandalone target not found
Refreshing native plugins compatible for Editor in 65,66 ms, found 0 plugins.
Preloading 0 native plugins for Editor in 0,00 ms.
Invoked RoslynAnalysisRunner static constructor.
RoslynAnalysisRunner will not be running.
RoslynAnalysisRunner has terminated.
Mono: successfully reloaded assembly
- Completed reload, in  1,323 seconds
Registering precompiled user dll's ...
Registered in 0,095991 seconds.
Platform modules already initialized, skipping
Begin MonoManager ReloadAssembly
Symbol file LoadedFromMemory doesn't match image /home/max/Schreibtisch/DungeonsAndDungeons/DungeonMaker/Library/PackageCache/com.unity.ext.nunit@1.0.0/net35/unity-custom/nunit.framework.dll
Native extension for LinuxStandalone target not found
Native extension for WindowsStandalone target not found
Refreshing native plugins compatible for Editor in 0,67 ms, found 0 plugins.
Preloading 0 native plugins for Editor in 0,00 ms.
Invoked RoslynAnalysisRunner static constructor.
RoslynAnalysisRunner will not be running.
RoslynAnalysisRunner has terminated.
Mono: successfully reloaded assembly
- Completed reload, in  1,312 seconds
Platform modules already initialized, skipping
RefreshInternalV2 is called before InitialScriptRefresh has been called and asset database isn't fully initialized.

Refresh completed in 0,000062 seconds.
RefreshInfo: RefreshV2(NoUpdateAssetOptions) scanfilter: 
RefreshProfiler: Total: 0,000ms
Shader 'Universal Render Pipeline/Particles/Lit': fallback shader 'Universal Render Pipeline/Particles/SimpleLit' not found
Refreshing native plugins compatible for Editor in 0,60 ms, found 0 plugins.
Preloading 0 native plugins for Editor in 0,00 ms.
Unloading 7 Unused Serialized files (Serialized files now loaded: 0)
System memory in use before: 62,1 MB.
System memory in use after: 62,3 MB.

Unloading 5 unused Assets to reduce memory usage. Loaded Objects now: 3003.
Total: 9,600376 ms (FindLiveObjects: 0,667751 ms CreateObjectMapping: 0,289270 ms MarkObjects: 8,589177 ms  DeleteObjects: 0,052278 ms)

========================================================================
Received Prepare
Reloading mono domain
Begin MonoManager ReloadAssembly
Registering precompiled unity dll's ...
Register platform support module: /home/max/Unity/Hub/Editor/2020.2.0a19/Editor/Data/PlaybackEngines/WindowsStandaloneSupport/UnityEditor.WindowsStandalone.Extensions.dll
Register platform support module: /home/max/Unity/Hub/Editor/2020.2.0a19/Editor/Data/PlaybackEngines/LinuxStandaloneSupport/UnityEditor.LinuxStandalone.Extensions.dll
Registered in 0,001718 seconds.
Symbol file LoadedFromMemory doesn't match image /home/max/Schreibtisch/DungeonsAndDungeons/DungeonMaker/Library/PackageCache/com.unity.ext.nunit@1.0.0/net35/unity-custom/nunit.framework.dll
Native extension for LinuxStandalone target not found
Native extension for WindowsStandalone target not found
Refreshing native plugins compatible for Editor in 62,51 ms, found 0 plugins.
Preloading 0 native plugins for Editor in 0,00 ms.
Invoked RoslynAnalysisRunner static constructor.
RoslynAnalysisRunner will not be running.
RoslynAnalysisRunner has terminated.
Mono: successfully reloaded assembly
- Completed reload, in  1,374 seconds
Registering precompiled user dll's ...
Registered in 0,098883 seconds.
Platform modules already initialized, skipping
Begin MonoManager ReloadAssembly
Symbol file LoadedFromMemory doesn't match image /home/max/Schreibtisch/DungeonsAndDungeons/DungeonMaker/Library/PackageCache/com.unity.ext.nunit@1.0.0/net35/unity-custom/nunit.framework.dll
Native extension for LinuxStandalone target not found
Native extension for WindowsStandalone target not found
Refreshing native plugins compatible for Editor in 0,65 ms, found 0 plugins.
Preloading 0 native plugins for Editor in 0,00 ms.
Invoked RoslynAnalysisRunner static constructor.
RoslynAnalysisRunner will not be running.
RoslynAnalysisRunner has terminated.
Mono: successfully reloaded assembly
- Completed reload, in  1,397 seconds
Platform modules already initialized, skipping
RefreshInternalV2 is called before InitialScriptRefresh has been called and asset database isn't fully initialized.

Refresh completed in 0,000053 seconds.
RefreshInfo: RefreshV2(NoUpdateAssetOptions) scanfilter: 
RefreshProfiler: Total: 0,000ms
Shader 'Universal Render Pipeline/Particles/Lit': fallback shader 'Universal Render Pipeline/Particles/SimpleLit' not found
Refreshing native plugins compatible for Editor in 0,65 ms, found 0 plugins.
Preloading 0 native plugins for Editor in 0,00 ms.
Unloading 7 Unused Serialized files (Serialized files now loaded: 0)
System memory in use before: 62,1 MB.
System memory in use after: 62,3 MB.

Unloading 5 unused Assets to reduce memory usage. Loaded Objects now: 3007.
Total: 9,572011 ms (FindLiveObjects: 0,717478 ms CreateObjectMapping: 0,199564 ms MarkObjects: 8,611443 ms  DeleteObjects: 0,042713 ms)

========================================================================
Received Prepare
Reloading mono domain
Begin MonoManager ReloadAssembly
Registering precompiled unity dll's ...
Register platform support module: /home/max/Unity/Hub/Editor/2020.2.0a19/Editor/Data/PlaybackEngines/WindowsStandaloneSupport/UnityEditor.WindowsStandalone.Extensions.dll
Register platform support module: /home/max/Unity/Hub/Editor/2020.2.0a19/Editor/Data/PlaybackEngines/LinuxStandaloneSupport/UnityEditor.LinuxStandalone.Extensions.dll
Registered in 0,001822 seconds.
Symbol file LoadedFromMemory doesn't match image /home/max/Schreibtisch/DungeonsAndDungeons/DungeonMaker/Library/PackageCache/com.unity.ext.nunit@1.0.0/net35/unity-custom/nunit.framework.dll
Native extension for LinuxStandalone target not found
Native extension for WindowsStandalone target not found
Refreshing native plugins compatible for Editor in 63,94 ms, found 0 plugins.
Preloading 0 native plugins for Editor in 0,00 ms.
Invoked RoslynAnalysisRunner static constructor.
RoslynAnalysisRunner will not be running.
RoslynAnalysisRunner has terminated.
Mono: successfully reloaded assembly
- Completed reload, in  1,502 seconds
Registering precompiled user dll's ...
Registered in 0,123676 seconds.
Platform modules already initialized, skipping
Begin MonoManager ReloadAssembly
Symbol file LoadedFromMemory doesn't match image /home/max/Schreibtisch/DungeonsAndDungeons/DungeonMaker/Library/PackageCache/com.unity.ext.nunit@1.0.0/net35/unity-custom/nunit.framework.dll
Native extension for LinuxStandalone target not found
Native extension for WindowsStandalone target not found
Refreshing native plugins compatible for Editor in 0,65 ms, found 0 plugins.
Preloading 0 native plugins for Editor in 0,00 ms.
Invoked RoslynAnalysisRunner static constructor.
RoslynAnalysisRunner will not be running.
RoslynAnalysisRunner has terminated.
Mono: successfully reloaded assembly
- Completed reload, in  1,647 seconds
Platform modules already initialized, skipping
RefreshInternalV2 is called before InitialScriptRefresh has been called and asset database isn't fully initialized.

Refresh completed in 0,000068 seconds.
RefreshInfo: RefreshV2(NoUpdateAssetOptions) scanfilter: 
RefreshProfiler: Total: 0,000ms
Shader 'Universal Render Pipeline/Particles/Lit': fallback shader 'Universal Render Pipeline/Particles/SimpleLit' not found
Refreshing native plugins compatible for Editor in 0,64 ms, found 0 plugins.
Preloading 0 native plugins for Editor in 0,00 ms.
Unloading 7 Unused Serialized files (Serialized files now loaded: 0)
System memory in use before: 62,1 MB.
System memory in use after: 62,3 MB.

Unloading 5 unused Assets to reduce memory usage. Loaded Objects now: 3011.
Total: 10,290488 ms (FindLiveObjects: 0,676993 ms CreateObjectMapping: 0,202394 ms MarkObjects: 9,371809 ms  DeleteObjects: 0,038607 ms)

========================================================================
Received Prepare
Reloading mono domain
Begin MonoManager ReloadAssembly
Registering precompiled unity dll's ...
Register platform support module: /home/max/Unity/Hub/Editor/2020.2.0a19/Editor/Data/PlaybackEngines/WindowsStandaloneSupport/UnityEditor.WindowsStandalone.Extensions.dll
Register platform support module: /home/max/Unity/Hub/Editor/2020.2.0a19/Editor/Data/PlaybackEngines/LinuxStandaloneSupport/UnityEditor.LinuxStandalone.Extensions.dll
Registered in 0,001577 seconds.
Symbol file LoadedFromMemory doesn't match image /home/max/Schreibtisch/DungeonsAndDungeons/DungeonMaker/Library/PackageCache/com.unity.ext.nunit@1.0.0/net35/unity-custom/nunit.framework.dll
Native extension for LinuxStandalone target not found
Native extension for WindowsStandalone target not found
Refreshing native plugins compatible for Editor in 76,12 ms, found 0 plugins.
Preloading 0 native plugins for Editor in 0,00 ms.
Invoked RoslynAnalysisRunner static constructor.
RoslynAnalysisRunner will not be running.
RoslynAnalysisRunner has terminated.
Mono: successfully reloaded assembly
- Completed reload, in  1,619 seconds
Registering precompiled user dll's ...
Registered in 0,113071 seconds.
Platform modules already initialized, skipping
Begin MonoManager ReloadAssembly
Symbol file LoadedFromMemory doesn't match image /home/max/Schreibtisch/DungeonsAndDungeons/DungeonMaker/Library/PackageCache/com.unity.ext.nunit@1.0.0/net35/unity-custom/nunit.framework.dll
Native extension for LinuxStandalone target not found
Native extension for WindowsStandalone target not found
Refreshing native plugins compatible for Editor in 0,72 ms, found 0 plugins.
Preloading 0 native plugins for Editor in 0,00 ms.
Invoked RoslynAnalysisRunner static constructor.
RoslynAnalysisRunner will not be running.
RoslynAnalysisRunner has terminated.
Mono: successfully reloaded assembly
- Completed reload, in  1,864 seconds
Platform modules already initialized, skipping
RefreshInternalV2 is called before InitialScriptRefresh has been called and asset database isn't fully initialized.

Refresh completed in 0,000059 seconds.
RefreshInfo: RefreshV2(NoUpdateAssetOptions) scanfilter: 
RefreshProfiler: Total: 0,000ms
Shader 'Universal Render Pipeline/Particles/Lit': fallback shader 'Universal Render Pipeline/Particles/SimpleLit' not found
Refreshing native plugins compatible for Editor in 0,71 ms, found 0 plugins.
Preloading 0 native plugins for Editor in 0,00 ms.
Unloading 7 Unused Serialized files (Serialized files now loaded: 0)
System memory in use before: 62,1 MB.
System memory in use after: 62,3 MB.

Unloading 5 unused Assets to reduce memory usage. Loaded Objects now: 3015.
Total: 12,397705 ms (FindLiveObjects: 1,129135 ms CreateObjectMapping: 0,524571 ms MarkObjects: 10,693145 ms  DeleteObjects: 0,048978 ms)

========================================================================
Received Prepare
Reloading mono domain
Begin MonoManager ReloadAssembly
Registering precompiled unity dll's ...
Register platform support module: /home/max/Unity/Hub/Editor/2020.2.0a19/Editor/Data/PlaybackEngines/WindowsStandaloneSupport/UnityEditor.WindowsStandalone.Extensions.dll
Register platform support module: /home/max/Unity/Hub/Editor/2020.2.0a19/Editor/Data/PlaybackEngines/LinuxStandaloneSupport/UnityEditor.LinuxStandalone.Extensions.dll
Registered in 0,001822 seconds.
Symbol file LoadedFromMemory doesn't match image /home/max/Schreibtisch/DungeonsAndDungeons/DungeonMaker/Library/PackageCache/com.unity.ext.nunit@1.0.0/net35/unity-custom/nunit.framework.dll
Native extension for LinuxStandalone target not found
Native extension for WindowsStandalone target not found
Refreshing native plugins compatible for Editor in 78,71 ms, found 0 plugins.
Preloading 0 native plugins for Editor in 0,00 ms.
Invoked RoslynAnalysisRunner static constructor.
RoslynAnalysisRunner will not be running.
RoslynAnalysisRunner has terminated.
Mono: successfully reloaded assembly
- Completed reload, in  1,899 seconds
Registering precompiled user dll's ...
Registered in 0,107570 seconds.
Platform modules already initialized, skipping
Begin MonoManager ReloadAssembly
Symbol file LoadedFromMemory doesn't match image /home/max/Schreibtisch/DungeonsAndDungeons/DungeonMaker/Library/PackageCache/com.unity.ext.nunit@1.0.0/net35/unity-custom/nunit.framework.dll
Native extension for LinuxStandalone target not found
Native extension for WindowsStandalone target not found
Refreshing native plugins compatible for Editor in 0,79 ms, found 0 plugins.
Preloading 0 native plugins for Editor in 0,00 ms.
Invoked RoslynAnalysisRunner static constructor.
RoslynAnalysisRunner will not be running.
RoslynAnalysisRunner has terminated.
Mono: successfully reloaded assembly
- Completed reload, in  2,012 seconds
Platform modules already initialized, skipping
RefreshInternalV2 is called before InitialScriptRefresh has been called and asset database isn't fully initialized.

Refresh completed in 0,000058 seconds.
RefreshInfo: RefreshV2(NoUpdateAssetOptions) scanfilter: 
RefreshProfiler: Total: 0,000ms
Shader 'Universal Render Pipeline/Particles/Lit': fallback shader 'Universal Render Pipeline/Particles/SimpleLit' not found
Refreshing native plugins compatible for Editor in 1,09 ms, found 0 plugins.
Preloading 0 native plugins for Editor in 0,00 ms.
Unloading 7 Unused Serialized files (Serialized files now loaded: 0)
System memory in use before: 62,1 MB.
System memory in use after: 62,3 MB.

Unloading 5 unused Assets to reduce memory usage. Loaded Objects now: 3019.
Total: 11,387469 ms (FindLiveObjects: 1,005985 ms CreateObjectMapping: 0,325255 ms MarkObjects: 9,999006 ms  DeleteObjects: 0,056341 ms)

========================================================================
Received Prepare
Reloading mono domain
Begin MonoManager ReloadAssembly
Registering precompiled unity dll's ...
Register platform support module: /home/max/Unity/Hub/Editor/2020.2.0a19/Editor/Data/PlaybackEngines/WindowsStandaloneSupport/UnityEditor.WindowsStandalone.Extensions.dll
Register platform support module: /home/max/Unity/Hub/Editor/2020.2.0a19/Editor/Data/PlaybackEngines/LinuxStandaloneSupport/UnityEditor.LinuxStandalone.Extensions.dll
Registered in 0,001929 seconds.
Symbol file LoadedFromMemory doesn't match image /home/max/Schreibtisch/DungeonsAndDungeons/DungeonMaker/Library/PackageCache/com.unity.ext.nunit@1.0.0/net35/unity-custom/nunit.framework.dll
Native extension for LinuxStandalone target not found
Native extension for WindowsStandalone target not found
Refreshing native plugins compatible for Editor in 101,37 ms, found 0 plugins.
Preloading 0 native plugins for Editor in 0,00 ms.
Invoked RoslynAnalysisRunner static constructor.
RoslynAnalysisRunner will not be running.
RoslynAnalysisRunner has terminated.
Mono: successfully reloaded assembly
- Completed reload, in  2,071 seconds
Registering precompiled user dll's ...
Registered in 0,120841 seconds.
Platform modules already initialized, skipping
Begin MonoManager ReloadAssembly
Symbol file LoadedFromMemory doesn't match image /home/max/Schreibtisch/DungeonsAndDungeons/DungeonMaker/Library/PackageCache/com.unity.ext.nunit@1.0.0/net35/unity-custom/nunit.framework.dll
Native extension for LinuxStandalone target not found
Native extension for WindowsStandalone target not found
Refreshing native plugins compatible for Editor in 0,71 ms, found 0 plugins.
Preloading 0 native plugins for Editor in 0,00 ms.
Invoked RoslynAnalysisRunner static constructor.
RoslynAnalysisRunner will not be running.
RoslynAnalysisRunner has terminated.
Mono: successfully reloaded assembly
- Completed reload, in  2,007 seconds
Platform modules already initialized, skipping
RefreshInternalV2 is called before InitialScriptRefresh has been called and asset database isn't fully initialized.

Refresh completed in 0,000069 seconds.
RefreshInfo: RefreshV2(NoUpdateAssetOptions) scanfilter: 
RefreshProfiler: Total: 0,000ms
Shader 'Universal Render Pipeline/Particles/Lit': fallback shader 'Universal Render Pipeline/Particles/SimpleLit' not found
Refreshing native plugins compatible for Editor in 0,62 ms, found 0 plugins.
Preloading 0 native plugins for Editor in 0,00 ms.
Unloading 7 Unused Serialized files (Serialized files now loaded: 0)
System memory in use before: 62,1 MB.
System memory in use after: 62,4 MB.

Unloading 5 unused Assets to reduce memory usage. Loaded Objects now: 3023.
Total: 9,925671 ms (FindLiveObjects: 0,718676 ms CreateObjectMapping: 0,216028 ms MarkObjects: 8,947100 ms  DeleteObjects: 0,043189 ms)

========================================================================
Received Import Request.
  Time since last request: 485,332517 seconds.
  path: Assets/Scenes/MainMenuScene.unity
  artifactKey: Guid(2ad0ac6ed6b9e18218e9604b180afd39) Importer(815301076,1909f56bfc062723c751e8b465ee728b)
Start importing Assets/Scenes/MainMenuScene.unity using Guid(2ad0ac6ed6b9e18218e9604b180afd39) Importer(815301076,1909f56bfc062723c751e8b465ee728b)  -> (artifact id: '85e75ac52a743c2369e9d7f77bbb93d4') in 0,008826 seconds
  Import took 0,014605 seconds .

========================================================================
Received Import Request.
  Time since last request: 0,000245 seconds.
  path: Assets/Scenes/MainMenuSceneSettings.lighting
  artifactKey: Guid(9d017ced3275ad042a69e5f7f4c37acc) Importer(815301076,1909f56bfc062723c751e8b465ee728b)
Start importing Assets/Scenes/MainMenuSceneSettings.lighting using Guid(9d017ced3275ad042a69e5f7f4c37acc) Importer(815301076,1909f56bfc062723c751e8b465ee728b)  -> (artifact id: '3f7a93438976ad7e004e052302e1d659') in 0,002635 seconds
  Import took 0,008742 seconds .

========================================================================
Received Prepare
Reloading mono domain
Begin MonoManager ReloadAssembly
Registering precompiled unity dll's ...
Register platform support module: /home/max/Unity/Hub/Editor/2020.2.0a19/Editor/Data/PlaybackEngines/WindowsStandaloneSupport/UnityEditor.WindowsStandalone.Extensions.dll
Register platform support module: /home/max/Unity/Hub/Editor/2020.2.0a19/Editor/Data/PlaybackEngines/LinuxStandaloneSupport/UnityEditor.LinuxStandalone.Extensions.dll
Registered in 0,001825 seconds.
./Editor/Platform/Linux/TempStubs.cpp:PlatformImageForIconForExtension
Symbol file LoadedFromMemory doesn't match image /home/max/Schreibtisch/DungeonsAndDungeons/DungeonMaker/Library/PackageCache/com.unity.ext.nunit@1.0.0/net35/unity-custom/nunit.framework.dll
Native extension for LinuxStandalone target not found
Native extension for WindowsStandalone target not found
Refreshing native plugins compatible for Editor in 69,81 ms, found 0 plugins.
Preloading 0 native plugins for Editor in 0,00 ms.
Invoked RoslynAnalysisRunner static constructor.
RoslynAnalysisRunner will not be running.
RoslynAnalysisRunner has terminated.
Mono: successfully reloaded assembly
- Completed reload, in  1,668 seconds
Registering precompiled user dll's ...
Registered in 0,080777 seconds.
Platform modules already initialized, skipping
Begin MonoManager ReloadAssembly
Symbol file LoadedFromMemory doesn't match image /home/max/Schreibtisch/DungeonsAndDungeons/DungeonMaker/Library/PackageCache/com.unity.ext.nunit@1.0.0/net35/unity-custom/nunit.framework.dll
Native extension for LinuxStandalone target not found
Native extension for WindowsStandalone target not found
Refreshing native plugins compatible for Editor in 0,59 ms, found 0 plugins.
Preloading 0 native plugins for Editor in 0,00 ms.
Invoked RoslynAnalysisRunner static constructor.
RoslynAnalysisRunner will not be running.
RoslynAnalysisRunner has terminated.
Mono: successfully reloaded assembly
- Completed reload, in  1,362 seconds
Platform modules already initialized, skipping
RefreshInternalV2 is called before InitialScriptRefresh has been called and asset database isn't fully initialized.

Refresh completed in 0,000051 seconds.
RefreshInfo: RefreshV2(NoUpdateAssetOptions) scanfilter: 
RefreshProfiler: Total: 0,000ms
Shader 'Universal Render Pipeline/Particles/Lit': fallback shader 'Universal Render Pipeline/Particles/SimpleLit' not found
Refreshing native plugins compatible for Editor in 0,58 ms, found 0 plugins.
Preloading 0 native plugins for Editor in 0,00 ms.
Unloading 7 Unused Serialized files (Serialized files now loaded: 0)
System memory in use before: 62,1 MB.
System memory in use after: 62,4 MB.

Unloading 5 unused Assets to reduce memory usage. Loaded Objects now: 3027.
Total: 10,146544 ms (FindLiveObjects: 0,667463 ms CreateObjectMapping: 0,154198 ms MarkObjects: 9,274838 ms  DeleteObjects: 0,047897 ms)

========================================================================
Received Import Request.
  Time since last request: 54,804628 seconds.
  path: Assets/Scenes/PlayScene.unity
  artifactKey: Guid(4c759065c8496754b90bc301a6b67c69) Importer(815301076,1909f56bfc062723c751e8b465ee728b)
Start importing Assets/Scenes/PlayScene.unity using Guid(4c759065c8496754b90bc301a6b67c69) Importer(815301076,1909f56bfc062723c751e8b465ee728b)  -> (artifact id: 'ba5787cdacb7fff1c6003009a24011cf') in 0,014326 seconds
  Import took 0,020853 seconds .

========================================================================
Received Import Request.
  Time since last request: 0,000163 seconds.
  path: Assets/Scenes/PlaySceneSettings.lighting
  artifactKey: Guid(16d5fbe28025480e3bda26b2ca975b14) Importer(815301076,1909f56bfc062723c751e8b465ee728b)
Start importing Assets/Scenes/PlaySceneSettings.lighting using Guid(16d5fbe28025480e3bda26b2ca975b14) Importer(815301076,1909f56bfc062723c751e8b465ee728b)  -> (artifact id: '1a09cc0dc8ac0793913c5e211471e11f') in 0,003460 seconds
  Import took 0,008404 seconds .

========================================================================
Received Prepare
Reloading mono domain
Begin MonoManager ReloadAssembly
Registering precompiled unity dll's ...
Register platform support module: /home/max/Unity/Hub/Editor/2020.2.0a19/Editor/Data/PlaybackEngines/WindowsStandaloneSupport/UnityEditor.WindowsStandalone.Extensions.dll
Register platform support module: /home/max/Unity/Hub/Editor/2020.2.0a19/Editor/Data/PlaybackEngines/LinuxStandaloneSupport/UnityEditor.LinuxStandalone.Extensions.dll
Registered in 0,001720 seconds.
./Editor/Platform/Linux/TempStubs.cpp:PlatformImageForIconForExtension
Symbol file LoadedFromMemory doesn't match image /home/max/Schreibtisch/DungeonsAndDungeons/DungeonMaker/Library/PackageCache/com.unity.ext.nunit@1.0.0/net35/unity-custom/nunit.framework.dll
Native extension for LinuxStandalone target not found
Native extension for WindowsStandalone target not found
Refreshing native plugins compatible for Editor in 71,15 ms, found 0 plugins.
Preloading 0 native plugins for Editor in 0,00 ms.
Invoked RoslynAnalysisRunner static constructor.
RoslynAnalysisRunner will not be running.
RoslynAnalysisRunner has terminated.
Mono: successfully reloaded assembly
- Completed reload, in  2,097 seconds
Registering precompiled user dll's ...
Registered in 0,100656 seconds.
Platform modules already initialized, skipping
Begin MonoManager ReloadAssembly
Symbol file LoadedFromMemory doesn't match image /home/max/Schreibtisch/DungeonsAndDungeons/DungeonMaker/Library/PackageCache/com.unity.ext.nunit@1.0.0/net35/unity-custom/nunit.framework.dll
Native extension for LinuxStandalone target not found
Native extension for WindowsStandalone target not found
Refreshing native plugins compatible for Editor in 0,66 ms, found 0 plugins.
Preloading 0 native plugins for Editor in 0,00 ms.
Invoked RoslynAnalysisRunner static constructor.
RoslynAnalysisRunner will not be running.
RoslynAnalysisRunner has terminated.
Mono: successfully reloaded assembly
- Completed reload, in  1,863 seconds
Platform modules already initialized, skipping
RefreshInternalV2 is called before InitialScriptRefresh has been called and asset database isn't fully initialized.

Refresh completed in 0,000061 seconds.
RefreshInfo: RefreshV2(NoUpdateAssetOptions) scanfilter: 
RefreshProfiler: Total: 0,000ms
Shader 'Universal Render Pipeline/Particles/Lit': fallback shader 'Universal Render Pipeline/Particles/SimpleLit' not found
Refreshing native plugins compatible for Editor in 0,93 ms, found 0 plugins.
Preloading 0 native plugins for Editor in 0,00 ms.
Unloading 7 Unused Serialized files (Serialized files now loaded: 0)
System memory in use before: 62,2 MB.
System memory in use after: 62,4 MB.

Unloading 5 unused Assets to reduce memory usage. Loaded Objects now: 3031.
Total: 9,786813 ms (FindLiveObjects: 0,913538 ms CreateObjectMapping: 0,295125 ms MarkObjects: 8,537104 ms  DeleteObjects: 0,040046 ms)

========================================================================
Received Import Request.
  Time since last request: 43,835772 seconds.
  path: Assets/Scenes/PlayScene.unity
  artifactKey: Guid(4c759065c8496754b90bc301a6b67c69) Importer(815301076,1909f56bfc062723c751e8b465ee728b)
Start importing Assets/Scenes/PlayScene.unity using Guid(4c759065c8496754b90bc301a6b67c69) Importer(815301076,1909f56bfc062723c751e8b465ee728b)  -> (artifact id: '58056110e503a40f3e243ab016fe3aac') in 0,010654 seconds
  Import took 0,016480 seconds .

========================================================================
Received Prepare
Reloading mono domain
Begin MonoManager ReloadAssembly
Registering precompiled unity dll's ...
Register platform support module: /home/max/Unity/Hub/Editor/2020.2.0a19/Editor/Data/PlaybackEngines/WindowsStandaloneSupport/UnityEditor.WindowsStandalone.Extensions.dll
Register platform support module: /home/max/Unity/Hub/Editor/2020.2.0a19/Editor/Data/PlaybackEngines/LinuxStandaloneSupport/UnityEditor.LinuxStandalone.Extensions.dll
Registered in 0,001571 seconds.
Symbol file LoadedFromMemory doesn't match image /home/max/Schreibtisch/DungeonsAndDungeons/DungeonMaker/Library/PackageCache/com.unity.ext.nunit@1.0.0/net35/unity-custom/nunit.framework.dll
Native extension for LinuxStandalone target not found
Native extension for WindowsStandalone target not found
Refreshing native plugins compatible for Editor in 43,47 ms, found 0 plugins.
Preloading 0 native plugins for Editor in 0,00 ms.
Invoked RoslynAnalysisRunner static constructor.
RoslynAnalysisRunner will not be running.
RoslynAnalysisRunner has terminated.
Mono: successfully reloaded assembly
- Completed reload, in  1,545 seconds
Registering precompiled user dll's ...
Registered in 0,061947 seconds.
Platform modules already initialized, skipping
Begin MonoManager ReloadAssembly
Symbol file LoadedFromMemory doesn't match image /home/max/Schreibtisch/DungeonsAndDungeons/DungeonMaker/Library/PackageCache/com.unity.ext.nunit@1.0.0/net35/unity-custom/nunit.framework.dll
Native extension for LinuxStandalone target not found
Native extension for WindowsStandalone target not found
Refreshing native plugins compatible for Editor in 0,47 ms, found 0 plugins.
Preloading 0 native plugins for Editor in 0,00 ms.
Invoked RoslynAnalysisRunner static constructor.
RoslynAnalysisRunner will not be running.
RoslynAnalysisRunner has terminated.
Mono: successfully reloaded assembly
- Completed reload, in  1,543 seconds
Platform modules already initialized, skipping
RefreshInternalV2 is called before InitialScriptRefresh has been called and asset database isn't fully initialized.

Refresh completed in 0,000053 seconds.
RefreshInfo: RefreshV2(NoUpdateAssetOptions) scanfilter: 
RefreshProfiler: Total: 0,000ms
Shader 'Universal Render Pipeline/Particles/Lit': fallback shader 'Universal Render Pipeline/Particles/SimpleLit' not found
Refreshing native plugins compatible for Editor in 0,45 ms, found 0 plugins.
Preloading 0 native plugins for Editor in 0,00 ms.
Unloading 6 Unused Serialized files (Serialized files now loaded: 0)
System memory in use before: 61,3 MB.
System memory in use after: 58,7 MB.

Unloading 50 unused Assets to reduce memory usage. Loaded Objects now: 2989.
Total: 10,817694 ms (FindLiveObjects: 0,685864 ms CreateObjectMapping: 0,203674 ms MarkObjects: 8,585294 ms  DeleteObjects: 1,342061 ms)

========================================================================
Received Prepare
Reloading mono domain
Begin MonoManager ReloadAssembly
Registering precompiled unity dll's ...
Register platform support module: /home/max/Unity/Hub/Editor/2020.2.0a19/Editor/Data/PlaybackEngines/WindowsStandaloneSupport/UnityEditor.WindowsStandalone.Extensions.dll
Register platform support module: /home/max/Unity/Hub/Editor/2020.2.0a19/Editor/Data/PlaybackEngines/LinuxStandaloneSupport/UnityEditor.LinuxStandalone.Extensions.dll
Registered in 0,001588 seconds.
Symbol file LoadedFromMemory doesn't match image /home/max/Schreibtisch/DungeonsAndDungeons/DungeonMaker/Library/PackageCache/com.unity.ext.nunit@1.0.0/net35/unity-custom/nunit.framework.dll
Native extension for LinuxStandalone target not found
Native extension for WindowsStandalone target not found
Refreshing native plugins compatible for Editor in 95,24 ms, found 0 plugins.
Preloading 0 native plugins for Editor in 0,00 ms.
Invoked RoslynAnalysisRunner static constructor.
RoslynAnalysisRunner will not be running.
RoslynAnalysisRunner has terminated.
Mono: successfully reloaded assembly
- Completed reload, in  1,955 seconds
Registering precompiled user dll's ...
Registered in 0,128694 seconds.
Platform modules already initialized, skipping
Begin MonoManager ReloadAssembly
Symbol file LoadedFromMemory doesn't match image /home/max/Schreibtisch/DungeonsAndDungeons/DungeonMaker/Library/PackageCache/com.unity.ext.nunit@1.0.0/net35/unity-custom/nunit.framework.dll
Native extension for LinuxStandalone target not found
Native extension for WindowsStandalone target not found
Refreshing native plugins compatible for Editor in 87,08 ms, found 0 plugins.
Preloading 0 native plugins for Editor in 0,00 ms.
Invoked RoslynAnalysisRunner static constructor.
RoslynAnalysisRunner will not be running.
RoslynAnalysisRunner has terminated.
Mono: successfully reloaded assembly
- Completed reload, in  2,185 seconds
Platform modules already initialized, skipping
RefreshInternalV2 is called before InitialScriptRefresh has been called and asset database isn't fully initialized.

Refresh completed in 0,000045 seconds.
RefreshInfo: RefreshV2(NoUpdateAssetOptions) scanfilter: 
RefreshProfiler: Total: 0,000ms
WARNING: Shader Unsupported: 'HDRP/LitTessellation' - All passes removed
WARNING: Shader Did you use #pragma only_renderers and omit this platform?
WARNING: Shader Unsupported: 'HDRP/AxF' - All passes removed
WARNING: Shader Did you use #pragma only_renderers and omit this platform?
WARNING: Shader Unsupported: 'HDRP/TerrainLit' - All passes removed
WARNING: Shader Did you use #pragma only_renderers and omit this platform?
WARNING: Shader Unsupported: 'Hidden/HDRP/RaytracingFlagMask' - All passes removed
WARNING: Shader Did you use #pragma only_renderers and omit this platform?
WARNING: Shader Unsupported: 'HDRP/Lit' - All passes removed
WARNING: Shader Did you use #pragma only_renderers and omit this platform?
WARNING: Shader Unsupported: 'HDRP/Lit' - All passes removed
WARNING: Shader Did you use #pragma only_renderers and omit this platform?
WARNING: Shader Unsupported: 'HDRP/Decal' - All passes removed
WARNING: Shader Did you use #pragma only_renderers and omit this platform?
WARNING: Shader Unsupported: 'HDRP/Unlit' - All passes removed
WARNING: Shader Did you use #pragma only_renderers and omit this platform?
WARNING: Shader Unsupported: 'HDRP/Unlit' - All passes removed
WARNING: Shader Did you use #pragma only_renderers and omit this platform?
WARNING: Shader Unsupported: 'HDRP/LayeredLit' - All passes removed
WARNING: Shader Did you use #pragma only_renderers and omit this platform?
WARNING: Shader Unsupported: 'HDRP/LayeredLit' - All passes removed
WARNING: Shader Did you use #pragma only_renderers and omit this platform?
WARNING: Shader Unsupported: 'HDRP/LayeredLitTessellation' - All passes removed
WARNING: Shader Did you use #pragma only_renderers and omit this platform?
WARNING: Shader Unsupported: 'HDRP/LayeredLit' - All passes removed
WARNING: Shader Did you use #pragma only_renderers and omit this platform?
WARNING: Shader Unsupported: 'HDRP/LayeredLit' - All passes removed
WARNING: Shader Did you use #pragma only_renderers and omit this platform?
Shader 'Universal Render Pipeline/Particles/Lit': fallback shader 'Universal Render Pipeline/Particles/SimpleLit' not found
WARNING: Shader Unsupported: 'HDRP/LayeredLitTessellation' - All passes removed
WARNING: Shader Did you use #pragma only_renderers and omit this platform?
WARNING: Shader Unsupported: 'HDRP/TerrainLit' - All passes removed
WARNING: Shader Did you use #pragma only_renderers and omit this platform?
WARNING: Shader Unsupported: 'HDRP/Decal' - All passes removed
WARNING: Shader Did you use #pragma only_renderers and omit this platform?
WARNING: Shader Unsupported: 'Hidden/HDRP/RaytracingFlagMask' - All passes removed
WARNING: Shader Did you use #pragma only_renderers and omit this platform?
WARNING: Shader Unsupported: 'HDRP/Lit' - All passes removed
WARNING: Shader Did you use #pragma only_renderers and omit this platform?
WARNING: Shader Unsupported: 'HDRP/Lit' - All passes removed
WARNING: Shader Did you use #pragma only_renderers and omit this platform?
WARNING: Shader Unsupported: 'HDRP/Unlit' - All passes removed
WARNING: Shader Did you use #pragma only_renderers and omit this platform?
WARNING: Shader Unsupported: 'HDRP/Unlit' - All passes removed
WARNING: Shader Did you use #pragma only_renderers and omit this platform?
WARNING: Shader Unsupported: 'HDRP/AxF' - All passes removed
WARNING: Shader Did you use #pragma only_renderers and omit this platform?
WARNING: Shader Unsupported: 'HDRP/LitTessellation' - All passes removed
WARNING: Shader Did you use #pragma only_renderers and omit this platform?
Refreshing native plugins compatible for Editor in 1,07 ms, found 0 plugins.
Preloading 0 native plugins for Editor in 0,00 ms.
Unloading 1102 Unused Serialized files (Serialized files now loaded: 0)
System memory in use before: 104,6 MB.
System memory in use after: 100,4 MB.

Unloading 83 unused Assets to reduce memory usage. Loaded Objects now: 4010.
Total: 15,736626 ms (FindLiveObjects: 0,745779 ms CreateObjectMapping: 0,257729 ms MarkObjects: 9,303466 ms  DeleteObjects: 5,428858 ms)

========================================================================
Received Prepare
Reloading mono domain
Begin MonoManager ReloadAssembly
Registering precompiled unity dll's ...
Register platform support module: /home/max/Unity/Hub/Editor/2020.2.0a19/Editor/Data/PlaybackEngines/WindowsStandaloneSupport/UnityEditor.WindowsStandalone.Extensions.dll
Register platform support module: /home/max/Unity/Hub/Editor/2020.2.0a19/Editor/Data/PlaybackEngines/LinuxStandaloneSupport/UnityEditor.LinuxStandalone.Extensions.dll
Registered in 0,001598 seconds.
Symbol file LoadedFromMemory doesn't match image /home/max/Schreibtisch/DungeonsAndDungeons/DungeonMaker/Library/PackageCache/com.unity.ext.nunit@1.0.0/net35/unity-custom/nunit.framework.dll
Native extension for LinuxStandalone target not found
Native extension for WindowsStandalone target not found
Refreshing native plugins compatible for Editor in 94,34 ms, found 0 plugins.
Preloading 0 native plugins for Editor in 0,00 ms.
Invoked RoslynAnalysisRunner static constructor.
RoslynAnalysisRunner will not be running.
RoslynAnalysisRunner has terminated.
Mono: successfully reloaded assembly
- Completed reload, in  2,584 seconds
Registering precompiled user dll's ...
Registered in 0,137788 seconds.
Platform modules already initialized, skipping
Begin MonoManager ReloadAssembly
Symbol file LoadedFromMemory doesn't match image /home/max/Schreibtisch/DungeonsAndDungeons/DungeonMaker/Library/PackageCache/com.unity.ext.nunit@1.0.0/net35/unity-custom/nunit.framework.dll
Native extension for LinuxStandalone target not found
Native extension for WindowsStandalone target not found
Refreshing native plugins compatible for Editor in 0,99 ms, found 0 plugins.
Preloading 0 native plugins for Editor in 0,00 ms.
Invoked RoslynAnalysisRunner static constructor.
RoslynAnalysisRunner will not be running.
RoslynAnalysisRunner has terminated.
Mono: successfully reloaded assembly
- Completed reload, in  2,424 seconds
Platform modules already initialized, skipping
RefreshInternalV2 is called before InitialScriptRefresh has been called and asset database isn't fully initialized.

Refresh completed in 0,000052 seconds.
RefreshInfo: RefreshV2(NoUpdateAssetOptions) scanfilter: 
RefreshProfiler: Total: 0,000ms
WARNING: Shader Unsupported: 'HDRP/LitTessellation' - All passes removed
WARNING: Shader Did you use #pragma only_renderers and omit this platform?
WARNING: Shader Unsupported: 'HDRP/AxF' - All passes removed
WARNING: Shader Did you use #pragma only_renderers and omit this platform?
WARNING: Shader Unsupported: 'HDRP/TerrainLit' - All passes removed
WARNING: Shader Did you use #pragma only_renderers and omit this platform?
WARNING: Shader Unsupported: 'Hidden/HDRP/RaytracingFlagMask' - All passes removed
WARNING: Shader Did you use #pragma only_renderers and omit this platform?
WARNING: Shader Unsupported: 'HDRP/Lit' - All passes removed
WARNING: Shader Did you use #pragma only_renderers and omit this platform?
WARNING: Shader Unsupported: 'HDRP/Lit' - All passes removed
WARNING: Shader Did you use #pragma only_renderers and omit this platform?
WARNING: Shader Unsupported: 'HDRP/Decal' - All passes removed
WARNING: Shader Did you use #pragma only_renderers and omit this platform?
WARNING: Shader Unsupported: 'HDRP/Unlit' - All passes removed
WARNING: Shader Did you use #pragma only_renderers and omit this platform?
WARNING: Shader Unsupported: 'HDRP/Unlit' - All passes removed
WARNING: Shader Did you use #pragma only_renderers and omit this platform?
WARNING: Shader Unsupported: 'HDRP/LayeredLit' - All passes removed
WARNING: Shader Did you use #pragma only_renderers and omit this platform?
WARNING: Shader Unsupported: 'HDRP/LayeredLit' - All passes removed
WARNING: Shader Did you use #pragma only_renderers and omit this platform?
WARNING: Shader Unsupported: 'HDRP/LayeredLitTessellation' - All passes removed
WARNING: Shader Did you use #pragma only_renderers and omit this platform?
WARNING: Shader Unsupported: 'HDRP/Lit' - All passes removed
WARNING: Shader Did you use #pragma only_renderers and omit this platform?
WARNING: Shader Unsupported: 'HDRP/Lit' - All passes removed
WARNING: Shader Did you use #pragma only_renderers and omit this platform?
Shader 'Universal Render Pipeline/Particles/Lit': fallback shader 'Universal Render Pipeline/Particles/SimpleLit' not found
WARNING: Shader Unsupported: 'HDRP/LitTessellation' - All passes removed
WARNING: Shader Did you use #pragma only_renderers and omit this platform?
WARNING: Shader Unsupported: 'HDRP/LayeredLit' - All passes removed
WARNING: Shader Did you use #pragma only_renderers and omit this platform?
WARNING: Shader Unsupported: 'HDRP/LayeredLit' - All passes removed
WARNING: Shader Did you use #pragma only_renderers and omit this platform?
WARNING: Shader Unsupported: 'Hidden/HDRP/RaytracingFlagMask' - All passes removed
WARNING: Shader Did you use #pragma only_renderers and omit this platform?
WARNING: Shader Unsupported: 'HDRP/Unlit' - All passes removed
WARNING: Shader Did you use #pragma only_renderers and omit this platform?
WARNING: Shader Unsupported: 'HDRP/Unlit' - All passes removed
WARNING: Shader Did you use #pragma only_renderers and omit this platform?
WARNING: Shader Unsupported: 'HDRP/AxF' - All passes removed
WARNING: Shader Did you use #pragma only_renderers and omit this platform?
WARNING: Shader Unsupported: 'HDRP/TerrainLit' - All passes removed
WARNING: Shader Did you use #pragma only_renderers and omit this platform?
WARNING: Shader Unsupported: 'HDRP/Decal' - All passes removed
WARNING: Shader Did you use #pragma only_renderers and omit this platform?
WARNING: Shader Unsupported: 'HDRP/LayeredLitTessellation' - All passes removed
WARNING: Shader Did you use #pragma only_renderers and omit this platform?
Refreshing native plugins compatible for Editor in 0,84 ms, found 0 plugins.
Preloading 0 native plugins for Editor in 0,00 ms.
Unloading 85 Unused Serialized files (Serialized files now loaded: 0)
System memory in use before: 84,5 MB.
System memory in use after: 80,4 MB.

Unloading 83 unused Assets to reduce memory usage. Loaded Objects now: 4014.
Total: 14,888479 ms (FindLiveObjects: 0,779490 ms CreateObjectMapping: 0,229271 ms MarkObjects: 8,782029 ms  DeleteObjects: 5,096399 ms)

========================================================================
Received Prepare
WARNING: Shader Unsupported: 'HDRP/LitTessellation' - All passes removed
WARNING: Shader Did you use #pragma only_renderers and omit this platform?
WARNING: Shader Unsupported: 'HDRP/AxF' - All passes removed
WARNING: Shader Did you use #pragma only_renderers and omit this platform?
WARNING: Shader Unsupported: 'HDRP/TerrainLit' - All passes removed
WARNING: Shader Did you use #pragma only_renderers and omit this platform?
WARNING: Shader Unsupported: 'Hidden/HDRP/RaytracingFlagMask' - All passes removed
WARNING: Shader Did you use #pragma only_renderers and omit this platform?
WARNING: Shader Unsupported: 'HDRP/Lit' - All passes removed
WARNING: Shader Did you use #pragma only_renderers and omit this platform?
WARNING: Shader Unsupported: 'HDRP/Lit' - All passes removed
WARNING: Shader Did you use #pragma only_renderers and omit this platform?
WARNING: Shader Unsupported: 'HDRP/Decal' - All passes removed
WARNING: Shader Did you use #pragma only_renderers and omit this platform?
WARNING: Shader Unsupported: 'HDRP/Unlit' - All passes removed
WARNING: Shader Did you use #pragma only_renderers and omit this platform?
WARNING: Shader Unsupported: 'HDRP/Unlit' - All passes removed
WARNING: Shader Did you use #pragma only_renderers and omit this platform?
WARNING: Shader Unsupported: 'HDRP/LayeredLit' - All passes removed
WARNING: Shader Did you use #pragma only_renderers and omit this platform?
WARNING: Shader Unsupported: 'HDRP/LayeredLit' - All passes removed
WARNING: Shader Did you use #pragma only_renderers and omit this platform?
WARNING: Shader Unsupported: 'HDRP/LayeredLitTessellation' - All passes removed
WARNING: Shader Did you use #pragma only_renderers and omit this platform?
Shader 'Universal Render Pipeline/Particles/Lit': fallback shader 'Universal Render Pipeline/Particles/SimpleLit' not found
WARNING: Shader Unsupported: 'HDRP/LitTessellation' - All passes removed
WARNING: Shader Did you use #pragma only_renderers and omit this platform?
WARNING: Shader Unsupported: 'HDRP/Lit' - All passes removed
WARNING: Shader Did you use #pragma only_renderers and omit this platform?
WARNING: Shader Unsupported: 'HDRP/Lit' - All passes removed
WARNING: Shader Did you use #pragma only_renderers and omit this platform?
WARNING: Shader Unsupported: 'HDRP/Decal' - All passes removed
WARNING: Shader Did you use #pragma only_renderers and omit this platform?
WARNING: Shader Unsupported: 'HDRP/TerrainLit' - All passes removed
WARNING: Shader Did you use #pragma only_renderers and omit this platform?
WARNING: Shader Unsupported: 'HDRP/LayeredLitTessellation' - All passes removed
WARNING: Shader Did you use #pragma only_renderers and omit this platform?
WARNING: Shader Unsupported: 'HDRP/LayeredLit' - All passes removed
WARNING: Shader Did you use #pragma only_renderers and omit this platform?
WARNING: Shader Unsupported: 'HDRP/LayeredLit' - All passes removed
WARNING: Shader Did you use #pragma only_renderers and omit this platform?
WARNING: Shader Unsupported: 'Hidden/HDRP/RaytracingFlagMask' - All passes removed
WARNING: Shader Did you use #pragma only_renderers and omit this platform?
WARNING: Shader Unsupported: 'HDRP/AxF' - All passes removed
WARNING: Shader Did you use #pragma only_renderers and omit this platform?
WARNING: Shader Unsupported: 'HDRP/Unlit' - All passes removed
WARNING: Shader Did you use #pragma only_renderers and omit this platform?
WARNING: Shader Unsupported: 'HDRP/Unlit' - All passes removed
WARNING: Shader Did you use #pragma only_renderers and omit this platform?
Refreshing native plugins compatible for Editor in 1,94 ms, found 0 plugins.
Preloading 0 native plugins for Editor in 0,00 ms.
Unloading 83 Unused Serialized files (Serialized files now loaded: 0)
System memory in use before: 84,0 MB.
System memory in use after: 79,8 MB.

Unloading 82 unused Assets to reduce memory usage. Loaded Objects now: 4014.
Total: 15,846549 ms (FindLiveObjects: 0,862837 ms CreateObjectMapping: 0,285227 ms MarkObjects: 9,528498 ms  DeleteObjects: 5,167785 ms)

========================================================================
Received Prepare
Reloading mono domain
Begin MonoManager ReloadAssembly
Registering precompiled unity dll's ...
Register platform support module: /home/max/Unity/Hub/Editor/2020.2.0a19/Editor/Data/PlaybackEngines/WindowsStandaloneSupport/UnityEditor.WindowsStandalone.Extensions.dll
Register platform support module: /home/max/Unity/Hub/Editor/2020.2.0a19/Editor/Data/PlaybackEngines/LinuxStandaloneSupport/UnityEditor.LinuxStandalone.Extensions.dll
Registered in 0,001814 seconds.
Symbol file LoadedFromMemory doesn't match image /home/max/Schreibtisch/DungeonsAndDungeons/DungeonMaker/Library/PackageCache/com.unity.ext.nunit@1.0.0/net35/unity-custom/nunit.framework.dll
Native extension for LinuxStandalone target not found
Native extension for WindowsStandalone target not found
Refreshing native plugins compatible for Editor in 83,90 ms, found 0 plugins.
Preloading 0 native plugins for Editor in 0,00 ms.
Invoked RoslynAnalysisRunner static constructor.
RoslynAnalysisRunner will not be running.
RoslynAnalysisRunner has terminated.
Mono: successfully reloaded assembly
- Completed reload, in  2,455 seconds
Registering precompiled user dll's ...
Registered in 0,105863 seconds.
Platform modules already initialized, skipping
Begin MonoManager ReloadAssembly
Symbol file LoadedFromMemory doesn't match image /home/max/Schreibtisch/DungeonsAndDungeons/DungeonMaker/Library/PackageCache/com.unity.ext.nunit@1.0.0/net35/unity-custom/nunit.framework.dll
Native extension for LinuxStandalone target not found
Native extension for WindowsStandalone target not found
Refreshing native plugins compatible for Editor in 0,85 ms, found 0 plugins.
Preloading 0 native plugins for Editor in 0,00 ms.
Invoked RoslynAnalysisRunner static constructor.
RoslynAnalysisRunner will not be running.
RoslynAnalysisRunner has terminated.
Mono: successfully reloaded assembly
- Completed reload, in  2,097 seconds
Platform modules already initialized, skipping
WARNING: Shader Unsupported: 'HDRP/LitTessellation' - All passes removed
WARNING: Shader Did you use #pragma only_renderers and omit this platform?
WARNING: Shader Unsupported: 'HDRP/AxF' - All passes removed
WARNING: Shader Did you use #pragma only_renderers and omit this platform?
WARNING: Shader Unsupported: 'HDRP/TerrainLit' - All passes removed
WARNING: Shader Did you use #pragma only_renderers and omit this platform?
WARNING: Shader Unsupported: 'Hidden/HDRP/RaytracingFlagMask' - All passes removed
WARNING: Shader Did you use #pragma only_renderers and omit this platform?
WARNING: Shader Unsupported: 'HDRP/Lit' - All passes removed
WARNING: Shader Did you use #pragma only_renderers and omit this platform?
WARNING: Shader Unsupported: 'HDRP/Lit' - All passes removed
WARNING: Shader Did you use #pragma only_renderers and omit this platform?
WARNING: Shader Unsupported: 'HDRP/Decal' - All passes removed
WARNING: Shader Did you use #pragma only_renderers and omit this platform?
WARNING: Shader Unsupported: 'HDRP/Unlit' - All passes removed
WARNING: Shader Did you use #pragma only_renderers and omit this platform?
WARNING: Shader Unsupported: 'HDRP/Unlit' - All passes removed
WARNING: Shader Did you use #pragma only_renderers and omit this platform?
WARNING: Shader Unsupported: 'HDRP/LayeredLit' - All passes removed
WARNING: Shader Did you use #pragma only_renderers and omit this platform?
WARNING: Shader Unsupported: 'HDRP/LayeredLit' - All passes removed
WARNING: Shader Did you use #pragma only_renderers and omit this platform?
WARNING: Shader Unsupported: 'HDRP/LayeredLitTessellation' - All passes removed
WARNING: Shader Did you use #pragma only_renderers and omit this platform?
Shader 'Universal Render Pipeline/Particles/Lit': fallback shader 'Universal Render Pipeline/Particles/SimpleLit' not found
WARNING: Shader Unsupported: 'HDRP/LayeredLit' - All passes removed
WARNING: Shader Did you use #pragma only_renderers and omit this platform?
WARNING: Shader Unsupported: 'HDRP/LayeredLit' - All passes removed
WARNING: Shader Did you use #pragma only_renderers and omit this platform?
WARNING: Shader Unsupported: 'HDRP/LitTessellation' - All passes removed
WARNING: Shader Did you use #pragma only_renderers and omit this platform?
WARNING: Shader Unsupported: 'Hidden/HDRP/RaytracingFlagMask' - All passes removed
WARNING: Shader Did you use #pragma only_renderers and omit this platform?
WARNING: Shader Unsupported: 'HDRP/TerrainLit' - All passes removed
WARNING: Shader Did you use #pragma only_renderers and omit this platform?
WARNING: Shader Unsupported: 'HDRP/LayeredLitTessellation' - All passes removed
WARNING: Shader Did you use #pragma only_renderers and omit this platform?
WARNING: Shader Unsupported: 'HDRP/Lit' - All passes removed
WARNING: Shader Did you use #pragma only_renderers and omit this platform?
WARNING: Shader Unsupported: 'HDRP/Lit' - All passes removed
WARNING: Shader Did you use #pragma only_renderers and omit this platform?
WARNING: Shader Unsupported: 'HDRP/Unlit' - All passes removed
WARNING: Shader Did you use #pragma only_renderers and omit this platform?
WARNING: Shader Unsupported: 'HDRP/Unlit' - All passes removed
WARNING: Shader Did you use #pragma only_renderers and omit this platform?
WARNING: Shader Unsupported: 'HDRP/Decal' - All passes removed
WARNING: Shader Did you use #pragma only_renderers and omit this platform?
WARNING: Shader Unsupported: 'HDRP/AxF' - All passes removed
WARNING: Shader Did you use #pragma only_renderers and omit this platform?
Refreshing native plugins compatible for Editor in 0,84 ms, found 0 plugins.
Preloading 0 native plugins for Editor in 0,00 ms.
Unloading 85 Unused Serialized files (Serialized files now loaded: 0)
System memory in use before: 83,3 MB.
System memory in use after: 79,2 MB.

Unloading 83 unused Assets to reduce memory usage. Loaded Objects now: 4018.
Total: 15,923383 ms (FindLiveObjects: 0,841651 ms CreateObjectMapping: 0,278280 ms MarkObjects: 9,417612 ms  DeleteObjects: 5,383879 ms)

